SF:/mnt/c/Users/frede/Documents/bachelor_project/The-Project-Backend/BackendService/Exceptions/ErrorHandlingMiddleware.cs
FN:3,System.Void ErrorHandlingMiddlware/<InvokeAsync>d__0::MoveNext()
FNDA:2,System.Void ErrorHandlingMiddlware/<InvokeAsync>d__0::MoveNext()
DA:4,2
DA:6,2
DA:7,2
DA:8,0
DA:9,1
DA:10,1
DA:11,1
DA:12,1
DA:13,1
DA:14,1
DA:15,1
DA:16,1
DA:17,1
DA:18,1
DA:19,1
DA:20,2
LF:16
LH:15
BRF:0
BRH:0
FNF:1
FNH:1
end_of_record
SF:/mnt/c/Users/frede/Documents/bachelor_project/The-Project-Backend/BackendService/Exceptions/StatusCodeException.cs
FN:2,System.Int32 StatusCodeException::get_StatusCode()
FNDA:613,System.Int32 StatusCodeException::get_StatusCode()
DA:3,613
FN:3,System.Void StatusCodeException::.ctor(System.Int32)
FNDA:9,System.Void StatusCodeException::.ctor(System.Int32)
DA:4,9
DA:5,9
DA:6,9
DA:7,9
FN:7,System.Void StatusCodeException::.ctor(System.Int32,System.String)
FNDA:205,System.Void StatusCodeException::.ctor(System.Int32,System.String)
DA:8,205
DA:9,205
DA:10,205
DA:11,205
LF:9
LH:9
BRF:0
BRH:0
FNF:3
FNH:3
end_of_record
SF:/mnt/c/Users/frede/Documents/bachelor_project/The-Project-Backend/BackendService/Tools/Password.cs
FN:9,System.String Tools.Password::Hash(System.String)
FNDA:259,System.String Tools.Password::Hash(System.String)
DA:10,259
DA:12,259
DA:14,259
DA:17,259
DA:20,17094
DA:21,8288
DA:22,8288
DA:23,8288
DA:25,259
DA:26,259
DA:27,259
BRDA:20,75,1,8288
BRDA:20,75,0,259
LF:11
LH:11
BRF:2
BRH:2
FNF:1
FNH:1
end_of_record
SF:/mnt/c/Users/frede/Documents/bachelor_project/The-Project-Backend/BackendService/Tools/PriceConverter.cs
FN:40,System.DateOnly Tools.PriceConverter/<>c::<ConvertStockPrice>b__0_0(Data.DatePriceOHLC)
FNDA:89049,System.DateOnly Tools.PriceConverter/<>c::<ConvertStockPrice>b__0_0(Data.DatePriceOHLC)
DA:41,89049
FN:41,System.DateOnly Tools.PriceConverter/<>c::<ConvertStockPrice>b__0_2(Data.DatePriceOHLC)
FNDA:129301,System.DateOnly Tools.PriceConverter/<>c::<ConvertStockPrice>b__0_2(Data.DatePriceOHLC)
DA:42,129301
FN:120,System.DateOnly Tools.PriceConverter/<>c::<ConvertStockDividends>b__1_0(Data.Dividend)
FNDA:992,System.DateOnly Tools.PriceConverter/<>c::<ConvertStockDividends>b__1_0(Data.Dividend)
DA:121,992
FN:121,System.DateOnly Tools.PriceConverter/<>c::<ConvertStockDividends>b__1_2(Data.DatePriceOHLC)
FNDA:56234,System.DateOnly Tools.PriceConverter/<>c::<ConvertStockDividends>b__1_2(Data.DatePriceOHLC)
DA:122,56234
FN:171,System.DateOnly Tools.PriceConverter/<>c::<GetExchangeHistory>b__2_0(Data.DatePriceOHLC)
FNDA:262050,System.DateOnly Tools.PriceConverter/<>c::<GetExchangeHistory>b__2_0(Data.DatePriceOHLC)
DA:172,262050
FN:189,System.Void Tools.PriceConverter/<ConvertMoney>d__3::MoveNext()
FNDA:187,System.Void Tools.PriceConverter/<ConvertMoney>d__3::MoveNext()
DA:190,187
DA:191,187
DA:192,0
DA:193,0
DA:195,187
DA:196,0
DA:197,0
DA:199,187
DA:200,86
DA:201,86
DA:203,101
DA:204,101
DA:205,0
DA:206,0
DA:210,101
DA:211,0
DA:212,0
DA:213,0
DA:215,101
DA:216,101
DA:217,101
DA:219,101
DA:220,0
DA:221,0
DA:225,101
DA:226,202
DA:227,101
DA:228,101
DA:229,101
DA:230,101
DA:231,0
DA:232,0
DA:235,101
DA:236,101
DA:239,0
DA:240,0
DA:241,187
BRDA:191,45,0,0
BRDA:191,45,1,187
BRDA:195,87,0,0
BRDA:195,87,1,187
BRDA:199,137,0,86
BRDA:199,137,1,101
BRDA:199,155,0,86
BRDA:199,155,1,101
BRDA:204,193,0,0
BRDA:204,193,1,101
BRDA:204,218,0,0
BRDA:204,218,1,101
BRDA:210,243,0,0
BRDA:210,243,1,101
BRDA:219,619,0,0
BRDA:219,619,1,101
BRDA:226,935,1,101
BRDA:228,743,0,101
BRDA:230,759,0,0
BRDA:230,759,1,101
BRDA:228,743,1,0
BRDA:226,935,0,0
FN:86,System.Void Tools.PriceConverter/<ConvertStockDividends>d__1::MoveNext()
FNDA:292,System.Void Tools.PriceConverter/<ConvertStockDividends>d__1::MoveNext()
DA:87,292
DA:88,292
DA:89,118
DA:90,118
DA:92,174
DA:93,174
DA:94,2
DA:95,2
DA:97,172
DA:98,48
DA:99,48
DA:101,124
DA:102,31
DA:103,31
DA:104,31
DA:105,124
DA:106,124
DA:108,124
DA:109,124
DA:110,124
DA:111,124
DA:113,0
DA:114,0
DA:115,0
DA:116,124
DA:117,0
DA:118,0
DA:123,124
DA:124,124
DA:125,124
DA:126,1116
DA:127,372
DA:128,372
DA:129,372
DA:130,372
DA:131,372
DA:132,372
DA:133,124
DA:135,0
DA:136,0
DA:137,0
DA:138,0
DA:139,0
DA:140,0
DA:141,0
DA:142,0
DA:143,0
DA:146,124
DA:147,124
DA:148,292
BRDA:88,45,0,118
BRDA:88,45,1,174
BRDA:93,108,0,174
BRDA:93,108,1,0
BRDA:93,124,0,2
BRDA:93,124,1,172
BRDA:97,145,0,172
BRDA:97,145,1,0
BRDA:97,170,0,48
BRDA:97,170,1,124
BRDA:101,226,0,31
BRDA:101,226,1,124
BRDA:108,296,0,124
BRDA:108,296,1,0
BRDA:116,640,0,0
BRDA:116,640,1,124
BRDA:124,859,0,124
BRDA:126,1109,1,372
BRDA:126,1109,0,124
BRDA:124,859,1,0
BRDA:136,1389,1,0
BRDA:136,1389,0,0
FN:9,System.Void Tools.PriceConverter/<ConvertStockPrice>d__0::MoveNext()
FNDA:376,System.Void Tools.PriceConverter/<ConvertStockPrice>d__0::MoveNext()
DA:10,376
DA:11,376
DA:12,0
DA:13,0
DA:15,376
DA:16,376
DA:17,34
DA:18,34
DA:20,342
DA:21,135
DA:22,135
DA:25,207
DA:26,207
DA:28,207
DA:29,155
DA:30,155
DA:31,155
DA:33,52
DA:34,52
DA:35,52
DA:37,207
DA:38,0
DA:39,0
DA:43,207
DA:44,207
DA:45,155
DA:46,63767
DA:47,31651
DA:48,31651
DA:49,31651
DA:50,31651
DA:51,31651
DA:52,31651
DA:54,31651
DA:55,31651
DA:56,31651
DA:57,31651
DA:59,31651
DA:60,31651
DA:61,155
DA:63,52
DA:64,25690
DA:65,12767
DA:66,12767
DA:67,12767
DA:68,12767
DA:69,12767
DA:70,12767
DA:72,12767
DA:73,12767
DA:74,12767
DA:75,12767
DA:77,12767
DA:78,12767
DA:79,52
DA:82,207
DA:83,207
DA:84,376
BRDA:11,45,0,0
BRDA:11,45,1,376
BRDA:16,113,0,324
BRDA:16,113,1,52
BRDA:16,129,0,34
BRDA:16,129,1,342
BRDA:20,150,0,290
BRDA:20,150,1,52
BRDA:20,175,0,135
BRDA:20,175,1,207
BRDA:28,244,0,155
BRDA:28,244,1,52
BRDA:37,593,0,0
BRDA:37,593,1,207
BRDA:44,827,0,155
BRDA:46,1374,1,31651
BRDA:46,1374,0,155
BRDA:44,827,1,52
BRDA:64,1921,1,12767
BRDA:64,1921,0,52
FN:150,System.Void Tools.PriceConverter/<GetExchangeHistory>d__2::MoveNext()
FNDA:198,System.Void Tools.PriceConverter/<GetExchangeHistory>d__2::MoveNext()
DA:151,198
DA:152,198
DA:153,1
DA:154,1
DA:156,197
DA:157,1
DA:158,1
DA:160,196
DA:161,32
DA:162,32
DA:163,32
DA:165,164
DA:166,164
DA:167,164
DA:168,164
DA:169,0
DA:170,0
DA:173,164
DA:174,5938
DA:175,2723
DA:176,2723
DA:177,2723
DA:178,2723
DA:179,2723
DA:180,2723
DA:182,0
DA:183,0
DA:185,2723
DA:186,164
DA:187,197
BRDA:152,34,0,1
BRDA:152,34,1,197
BRDA:156,69,0,1
BRDA:156,69,1,196
BRDA:160,103,0,32
BRDA:160,103,1,164
BRDA:168,384,0,0
BRDA:168,384,1,164
BRDA:174,712,1,2723
BRDA:177,593,0,2723
BRDA:177,593,1,0
BRDA:174,712,0,164
LF:180
LH:143
BRF:76
BRH:56
FNF:9
FNH:9
end_of_record
SF:/mnt/c/Users/frede/Documents/bachelor_project/The-Project-Backend/BackendService/Tools/RandomString.cs
FN:8,System.String Tools.RandomString::Generate(System.Int32)
FNDA:1422,System.String Tools.RandomString::Generate(System.Int32)
DA:9,1422
DA:10,1422
DA:11,262386
DA:12,129771
DA:13,129771
DA:14,129771
DA:15,1422
DA:16,1422
BRDA:11,57,1,129771
BRDA:11,57,0,1422
FN:4,System.Void Tools.RandomString::.cctor()
FNDA:1,System.Void Tools.RandomString::.cctor()
DA:5,1
DA:6,1
LF:10
LH:10
BRF:2
BRH:2
FNF:2
FNH:2
end_of_record
SF:/mnt/c/Users/frede/Documents/bachelor_project/The-Project-Backend/BackendService/Tools/TimeConverter.cs
FN:5,System.Int32 Tools.TimeConverter::DateOnlyToUnix(System.DateOnly)
FNDA:5368,System.Int32 Tools.TimeConverter::DateOnlyToUnix(System.DateOnly)
DA:6,5368
DA:8,5368
DA:9,5368
DA:10,5368
DA:11,5368
DA:13,0
DA:14,0
DA:15,0
DA:17,5368
FN:18,System.DateTime Tools.TimeConverter::UnixTimeStampToDateTime(System.Int32)
FNDA:28651,System.DateTime Tools.TimeConverter::UnixTimeStampToDateTime(System.Int32)
DA:19,28651
DA:20,28651
DA:21,28651
DA:22,28651
DA:23,28651
FN:24,System.DateOnly Tools.TimeConverter::UnixTimeStampToDateOnly(System.Int32)
FNDA:28651,System.DateOnly Tools.TimeConverter::UnixTimeStampToDateOnly(System.Int32)
DA:25,28651
DA:26,28651
DA:27,28651
FN:29,System.Int32 Tools.TimeConverter::DateTimeToUnix(System.DateTime)
FNDA:893,System.Int32 Tools.TimeConverter::DateTimeToUnix(System.DateTime)
DA:30,893
DA:31,893
DA:32,893
DA:33,893
DA:34,893
FN:38,System.String Tools.TimeConverter::dateOnlyToString(System.DateOnly)
FNDA:2480,System.String Tools.TimeConverter::dateOnlyToString(System.DateOnly)
DA:39,2480
DA:40,2480
DA:41,2480
DA:42,2480
DA:43,2480
DA:44,2480
DA:45,2480
DA:46,2480
BRDA:41,27,0,2141
BRDA:41,27,1,339
BRDA:43,79,0,1544
BRDA:43,79,1,936
LF:30
LH:27
BRF:4
BRH:4
FNF:5
FNH:5
end_of_record
SF:/mnt/c/Users/frede/Documents/bachelor_project/The-Project-Backend/BackendService/Tools/ValidCurrency.cs
FN:5,System.Boolean Tools.ValidCurrency::Check(System.String)
FNDA:1501,System.Boolean Tools.ValidCurrency::Check(System.String)
DA:6,1501
DA:7,1501
DA:8,1501
DA:9,1501
DA:10,1501
DA:11,1501
DA:12,1489
DA:13,1489
DA:15,12
DA:16,1501
BRDA:11,40,0,1489
BRDA:11,40,1,12
LF:10
LH:10
BRF:2
BRH:2
FNF:1
FNH:1
end_of_record
SF:/mnt/c/Users/frede/Documents/bachelor_project/The-Project-Backend/BackendService/Tools/ValidEmail.cs
FN:6,System.Boolean Tools.ValidEmail::Check(System.String)
FNDA:8,System.Boolean Tools.ValidEmail::Check(System.String)
DA:7,8
DA:8,8
DA:9,8
DA:10,8
DA:11,8
DA:12,8
LF:6
LH:6
BRF:0
BRH:0
FNF:1
FNH:1
end_of_record
SF:/mnt/c/Users/frede/Documents/bachelor_project/The-Project-Backend/BackendService/StockApp/CashTransaction.cs
FN:6,System.Nullable`1<System.Int32> StockApp.CashTransaction::get_id()
FNDA:247,System.Nullable`1<System.Int32> StockApp.CashTransaction::get_id()
DA:7,247
FN:7,System.String StockApp.CashTransaction::get_portfolioId()
FNDA:348,System.String StockApp.CashTransaction::get_portfolioId()
DA:8,348
FN:8,StockApp.Money StockApp.CashTransaction::get_nativeAmount()
FNDA:695,StockApp.Money StockApp.CashTransaction::get_nativeAmount()
DA:9,695
FN:9,StockApp.Money StockApp.CashTransaction::get_usdAmount()
FNDA:197,StockApp.Money StockApp.CashTransaction::get_usdAmount()
DA:10,197
FN:10,System.Nullable`1<System.Int32> StockApp.CashTransaction::get_timestamp()
FNDA:348,System.Nullable`1<System.Int32> StockApp.CashTransaction::get_timestamp()
DA:11,348
FN:11,System.String StockApp.CashTransaction::get_description()
FNDA:212,System.String StockApp.CashTransaction::get_description()
DA:12,212
FN:69,System.Void StockApp.CashTransaction::Delete()
FNDA:10,System.Void StockApp.CashTransaction::Delete()
DA:70,10
DA:71,10
DA:72,1
DA:73,1
DA:76,9
DA:77,9
DA:78,9
DA:79,9
DA:80,9
DA:81,9
DA:82,1
DA:83,1
DA:85,8
DA:86,8
DA:87,8
DA:89,8
DA:90,8
DA:91,8
DA:92,0
DA:93,0
DA:94,0
DA:95,0
DA:97,8
BRDA:71,23,0,1
BRDA:71,23,1,9
BRDA:81,99,0,1
BRDA:81,99,1,8
FN:13,System.Void StockApp.CashTransaction::.ctor(System.String,StockApp.Money,System.Int32,System.String)
FNDA:43,System.Void StockApp.CashTransaction::.ctor(System.String,StockApp.Money,System.Int32,System.String)
DA:14,43
DA:15,43
DA:16,43
DA:17,43
DA:18,43
DA:19,43
DA:20,43
FN:21,System.Void StockApp.CashTransaction::.ctor()
FNDA:84,System.Void StockApp.CashTransaction::.ctor()
DA:22,84
DA:23,84
DA:24,84
FN:26,System.Void StockApp.CashTransaction/<AddToDb>d__26::MoveNext()
FNDA:72,System.Void StockApp.CashTransaction/<AddToDb>d__26::MoveNext()
DA:27,72
DA:28,72
DA:29,4
DA:30,4
DA:33,68
DA:34,2
DA:35,2
DA:37,66
DA:39,66
DA:40,66
DA:41,66
DA:42,66
DA:43,66
DA:44,66
DA:45,66
DA:46,66
DA:47,66
DA:49,66
DA:50,66
DA:51,66
DA:52,0
DA:53,0
DA:54,0
DA:55,0
DA:57,66
DA:58,66
DA:59,66
DA:60,66
DA:61,66
DA:62,0
DA:63,0
DA:65,66
DA:66,66
DA:67,66
BRDA:28,29,0,71
BRDA:28,42,0,70
BRDA:28,60,0,69
BRDA:28,29,1,3
BRDA:28,42,1,3
BRDA:28,60,1,3
BRDA:28,89,0,4
BRDA:28,89,1,68
BRDA:33,136,0,2
BRDA:33,136,1,66
BRDA:61,755,0,0
BRDA:61,755,1,66
LF:73
LH:63
BRF:16
BRH:15
FNF:10
FNH:10
end_of_record
SF:/mnt/c/Users/frede/Documents/bachelor_project/The-Project-Backend/BackendService/StockApp/DividendPayout.cs
FN:4,System.String StockApp.DividendPayout::get_portfolioId()
FNDA:0,System.String StockApp.DividendPayout::get_portfolioId()
DA:5,0
FN:5,System.Int32 StockApp.DividendPayout::get_dividendId()
FNDA:0,System.Int32 StockApp.DividendPayout::get_dividendId()
DA:6,0
FN:6,System.Decimal StockApp.DividendPayout::get_sharesAmount()
FNDA:0,System.Decimal StockApp.DividendPayout::get_sharesAmount()
DA:7,0
FN:8,System.Void StockApp.DividendPayout::.ctor(System.String,System.Int32,System.Decimal)
FNDA:0,System.Void StockApp.DividendPayout::.ctor(System.String,System.Int32,System.Decimal)
DA:9,0
DA:10,0
DA:11,0
DA:12,0
DA:13,0
DA:14,0
LF:9
LH:0
BRF:0
BRH:0
FNF:4
FNH:0
end_of_record
SF:/mnt/c/Users/frede/Documents/bachelor_project/The-Project-Backend/BackendService/StockApp/Money.cs
FN:8,System.Decimal StockApp.Money::get_amount()
FNDA:2618199,System.Decimal StockApp.Money::get_amount()
DA:9,2618199
FN:9,System.String StockApp.Money::get_currency()
FNDA:1566391,System.String StockApp.Money::get_currency()
DA:10,1566391
FN:12,System.Void StockApp.Money::.ctor(System.Decimal,System.String)
FNDA:1254180,System.Void StockApp.Money::.ctor(System.Decimal,System.String)
DA:13,1254180
DA:14,1254180
DA:15,1254180
DA:16,1254180
DA:17,1254180
LF:7
LH:7
BRF:0
BRH:0
FNF:3
FNH:3
end_of_record
SF:/mnt/c/Users/frede/Documents/bachelor_project/The-Project-Backend/BackendService/StockApp/Portfolio.cs
FN:37,System.String StockApp.Portfolio::get_id()
FNDA:3357,System.String StockApp.Portfolio::get_id()
DA:38,3357
FN:38,System.String StockApp.Portfolio::get_name()
FNDA:1125,System.String StockApp.Portfolio::get_name()
DA:39,1125
FN:39,System.String StockApp.Portfolio::get_owner()
FNDA:743,System.String StockApp.Portfolio::get_owner()
DA:40,743
FN:40,System.String StockApp.Portfolio::get_currency()
FNDA:1048,System.String StockApp.Portfolio::get_currency()
DA:41,1048
FN:41,System.Nullable`1<System.Boolean> StockApp.Portfolio::get_trackBalance()
FNDA:434,System.Nullable`1<System.Boolean> StockApp.Portfolio::get_trackBalance()
DA:42,434
FN:43,System.Collections.Generic.List`1<Data.DatePriceOHLC> StockApp.Portfolio::get_valueHistory()
FNDA:680,System.Collections.Generic.List`1<Data.DatePriceOHLC> StockApp.Portfolio::get_valueHistory()
DA:44,680
FN:44,System.Collections.Generic.List`1<StockApp.StockTransaction> StockApp.Portfolio::get_stockTransactions()
FNDA:2020,System.Collections.Generic.List`1<StockApp.StockTransaction> StockApp.Portfolio::get_stockTransactions()
DA:45,2020
FN:45,System.Collections.Generic.List`1<StockApp.CashTransaction> StockApp.Portfolio::get_cashTransactions()
FNDA:664,System.Collections.Generic.List`1<StockApp.CashTransaction> StockApp.Portfolio::get_cashTransactions()
DA:46,664
FN:46,System.Collections.Generic.List`1<StockApp.StockPosition> StockApp.Portfolio::get_stockPositions()
FNDA:1262,System.Collections.Generic.List`1<StockApp.StockPosition> StockApp.Portfolio::get_stockPositions()
DA:47,1262
FN:47,System.Collections.Generic.List`1<Data.Position> StockApp.Portfolio::get_positionHistories()
FNDA:517,System.Collections.Generic.List`1<Data.Position> StockApp.Portfolio::get_positionHistories()
DA:48,517
FN:48,System.Collections.Generic.List`1<Data.Dividend> StockApp.Portfolio::get_dividendHistory()
FNDA:556,System.Collections.Generic.List`1<Data.Dividend> StockApp.Portfolio::get_dividendHistory()
DA:49,556
FN:49,System.Collections.Generic.List`1<StockApp.DividendPayout> StockApp.Portfolio::get_dividendPayouts()
FNDA:652,System.Collections.Generic.List`1<StockApp.DividendPayout> StockApp.Portfolio::get_dividendPayouts()
DA:50,652
FN:50,System.Collections.Generic.List`1<Data.CashBalance> StockApp.Portfolio::get_cashBalance()
FNDA:1098,System.Collections.Generic.List`1<Data.CashBalance> StockApp.Portfolio::get_cashBalance()
DA:51,1098
FN:54,StockApp.Portfolio StockApp.Portfolio::AddToDb()
FNDA:155,StockApp.Portfolio StockApp.Portfolio::AddToDb()
DA:55,155
DA:56,155
DA:57,3
DA:58,3
DA:60,152
DA:61,2
DA:62,2
DA:64,150
DA:65,150
DA:66,150
DA:67,150
DA:68,150
DA:69,150
DA:70,150
DA:71,150
DA:73,150
DA:74,150
DA:75,148
DA:76,2
DA:77,2
DA:78,2
DA:79,2
DA:83,148
DA:84,148
BRDA:56,7,0,154
BRDA:56,15,0,153
BRDA:56,7,1,2
BRDA:56,15,1,2
BRDA:56,31,0,3
BRDA:56,31,1,152
BRDA:60,68,0,2
BRDA:60,68,1,150
FN:86,StockApp.User StockApp.Portfolio::GetOwner()
FNDA:332,StockApp.User StockApp.Portfolio::GetOwner()
DA:87,332
DA:88,332
DA:89,1
DA:90,1
DA:92,331
DA:93,331
DA:94,331
DA:95,331
DA:97,331
DA:98,330
DA:99,330
DA:100,330
DA:101,330
DA:103,1
DA:105,330
BRDA:88,12,0,1
BRDA:88,12,1,331
BRDA:97,77,0,330
BRDA:97,77,1,1
FN:108,StockApp.Portfolio StockApp.Portfolio::UpdateStockTransactions()
FNDA:118,StockApp.Portfolio StockApp.Portfolio::UpdateStockTransactions()
DA:109,118
DA:110,118
DA:111,1
DA:112,1
DA:114,117
DA:115,117
DA:116,117
DA:117,117
DA:119,117
DA:120,595
DA:121,122
DA:122,122
DA:123,122
DA:124,122
DA:125,122
DA:126,122
DA:127,122
DA:128,122
DA:129,122
DA:130,122
DA:131,122
DA:132,122
DA:133,117
DA:134,117
BRDA:110,12,0,1
BRDA:110,12,1,117
BRDA:120,467,1,122
BRDA:120,467,0,117
FN:136,StockApp.Portfolio StockApp.Portfolio::UpdateStockPositions()
FNDA:115,StockApp.Portfolio StockApp.Portfolio::UpdateStockPositions()
DA:137,115
DA:138,115
DA:139,1
DA:140,1
DA:142,114
DA:143,114
DA:144,114
DA:145,114
DA:147,114
DA:148,580
DA:149,119
DA:150,119
DA:151,119
DA:152,119
DA:153,114
DA:154,114
BRDA:138,12,0,1
BRDA:138,12,1,114
BRDA:148,225,1,119
BRDA:148,225,0,114
FN:217,StockApp.Portfolio StockApp.Portfolio::ChangeName(System.String)
FNDA:5,StockApp.Portfolio StockApp.Portfolio::ChangeName(System.String)
DA:218,5
DA:219,5
DA:220,2
DA:221,2
DA:223,3
DA:224,3
DA:225,3
DA:226,3
DA:227,3
DA:229,3
DA:230,3
DA:231,3
DA:232,3
DA:234,0
DA:235,0
DA:236,0
DA:237,0
DA:239,3
BRDA:219,7,0,3
BRDA:219,7,1,2
BRDA:219,18,0,2
BRDA:219,18,1,3
FN:241,StockApp.Portfolio StockApp.Portfolio::ChangeCurrency(System.String)
FNDA:6,StockApp.Portfolio StockApp.Portfolio::ChangeCurrency(System.String)
DA:242,6
DA:243,6
DA:244,3
DA:245,3
DA:247,3
DA:248,0
DA:249,0
DA:251,3
DA:253,3
DA:254,3
DA:255,3
DA:256,3
DA:258,3
DA:259,3
DA:260,3
DA:261,3
DA:263,0
DA:264,0
DA:265,0
DA:266,0
DA:268,3
BRDA:243,7,0,3
BRDA:243,7,1,3
BRDA:243,18,0,3
BRDA:243,18,1,3
BRDA:247,50,0,0
BRDA:247,50,1,3
FN:270,StockApp.StockTransaction StockApp.Portfolio::GetStockTransaction(System.Int32)
FNDA:14,StockApp.StockTransaction StockApp.Portfolio::GetStockTransaction(System.Int32)
DA:271,14
DA:272,14
DA:273,1
DA:274,1
DA:276,13
DA:277,13
DA:278,13
DA:279,13
DA:280,13
DA:281,13
DA:283,13
DA:284,12
DA:285,12
DA:286,12
DA:287,12
DA:288,12
DA:289,12
DA:290,12
DA:291,12
DA:292,12
DA:293,12
DA:294,12
DA:295,12
DA:297,1
DA:298,12
BRDA:272,12,0,1
BRDA:272,12,1,13
BRDA:283,118,0,12
BRDA:283,118,1,1
FN:300,System.Void StockApp.Portfolio::Delete()
FNDA:4,System.Void StockApp.Portfolio::Delete()
DA:301,4
DA:302,4
DA:303,1
DA:304,1
DA:306,3
DA:307,3
DA:308,3
DA:309,3
DA:310,3
DA:311,1
DA:312,1
DA:314,2
DA:315,2
DA:316,2
DA:317,2
DA:319,2
DA:320,2
DA:321,2
DA:322,0
DA:323,0
DA:324,0
DA:325,0
DA:327,2
BRDA:302,14,0,1
BRDA:302,14,1,3
BRDA:310,79,0,1
BRDA:310,79,1,2
FN:329,StockApp.CashTransaction StockApp.Portfolio::GetCashTransaction(System.Int32)
FNDA:12,StockApp.CashTransaction StockApp.Portfolio::GetCashTransaction(System.Int32)
DA:330,12
DA:331,12
DA:332,1
DA:333,1
DA:335,11
DA:336,11
DA:337,11
DA:338,11
DA:339,11
DA:340,11
DA:341,8
DA:342,8
DA:343,8
DA:344,8
DA:345,8
DA:346,8
DA:347,8
DA:348,8
DA:349,8
DA:351,3
DA:352,8
BRDA:331,12,0,1
BRDA:331,12,1,11
BRDA:340,95,0,8
BRDA:340,95,1,3
FN:354,System.Void StockApp.Portfolio::UpdateCashTransactions()
FNDA:3,System.Void StockApp.Portfolio::UpdateCashTransactions()
DA:355,3
DA:356,3
DA:357,1
DA:358,1
DA:361,2
DA:362,2
DA:363,2
DA:364,2
DA:365,2
DA:366,10
DA:367,2
DA:368,2
DA:369,2
DA:370,2
DA:371,2
DA:372,2
DA:373,2
DA:374,2
DA:375,2
DA:376,2
DA:377,2
BRDA:356,12,0,1
BRDA:356,12,1,2
BRDA:366,331,1,2
BRDA:366,331,0,2
FN:7,System.Void StockApp.Portfolio::.ctor(System.String)
FNDA:107,System.Void StockApp.Portfolio::.ctor(System.String)
DA:8,107
DA:9,107
DA:10,107
DA:11,107
FN:11,System.Void StockApp.Portfolio::.ctor(System.String,System.String,System.String,System.Boolean)
FNDA:166,System.Void StockApp.Portfolio::.ctor(System.String,System.String,System.String,System.Boolean)
DA:12,166
DA:13,166
DA:14,166
DA:15,166
DA:16,166
DA:17,166
DA:18,166
FN:18,System.Void StockApp.Portfolio::.ctor(System.String,System.String,System.String,System.String,System.Boolean)
FNDA:268,System.Void StockApp.Portfolio::.ctor(System.String,System.String,System.String,System.String,System.Boolean)
DA:19,268
DA:20,268
DA:21,268
DA:22,268
DA:23,268
DA:24,268
DA:25,268
DA:26,268
FN:27,System.Void StockApp.Portfolio::.ctor(System.String,System.String,System.Collections.Generic.List`1<Data.DatePriceOHLC>,System.Collections.Generic.List`1<Data.Position>,System.Collections.Generic.List`1<Data.Dividend>,System.Collections.Generic.List`1<Data.CashBalance>)
FNDA:111,System.Void StockApp.Portfolio::.ctor(System.String,System.String,System.Collections.Generic.List`1<Data.DatePriceOHLC>,System.Collections.Generic.List`1<Data.Position>,System.Collections.Generic.List`1<Data.Dividend>,System.Collections.Generic.List`1<Data.CashBalance>)
DA:28,111
DA:29,111
DA:30,111
DA:31,111
DA:32,111
DA:33,111
DA:34,111
DA:35,111
DA:36,111
FN:188,System.Boolean StockApp.Portfolio/<>c__DisplayClass60_0::<GetValueHistory>b__0(Data.Transaction)
FNDA:2233,System.Boolean StockApp.Portfolio/<>c__DisplayClass60_0::<GetValueHistory>b__0(Data.Transaction)
DA:189,2233
BRDA:189,17,0,3
BRDA:189,17,1,2119
FN:189,System.Boolean StockApp.Portfolio/<>c__DisplayClass60_0::<GetValueHistory>b__1(Data.Transaction)
FNDA:1043,System.Boolean StockApp.Portfolio/<>c__DisplayClass60_0::<GetValueHistory>b__1(Data.Transaction)
DA:190,1043
BRDA:190,17,0,508
BRDA:190,17,1,424
FN:156,System.Void StockApp.Portfolio/<GetValueHistory>d__60::MoveNext()
FNDA:114,System.Void StockApp.Portfolio/<GetValueHistory>d__60::MoveNext()
DA:157,114
DA:158,114
DA:159,1
DA:160,1
DA:162,113
DA:163,1
DA:164,1
DA:166,112
DA:167,1
DA:168,1
DA:171,111
DA:172,111
DA:174,111
DA:175,111
DA:176,111
DA:178,565
DA:179,116
DA:180,116
DA:181,116
DA:182,116
DA:183,116
DA:184,116
DA:185,116
DA:186,116
DA:187,116
DA:188,111
DA:191,111
DA:192,110
DA:193,110
DA:194,110
DA:195,111
DA:196,111
DA:197,76
DA:198,76
DA:199,76
DA:200,111
DA:201,111
DA:202,111
DA:203,111
DA:204,111
DA:205,111
DA:206,111
DA:207,111
DA:208,111
DA:209,111
DA:211,0
DA:212,0
DA:213,0
DA:214,111
DA:215,111
BRDA:158,102,0,114
BRDA:158,102,1,0
BRDA:158,118,0,1
BRDA:158,118,1,113
BRDA:162,153,0,1
BRDA:162,153,1,112
BRDA:166,219,0,1
BRDA:166,219,1,111
BRDA:178,667,1,116
BRDA:181,547,0,116
BRDA:181,547,1,116
BRDA:178,667,0,111
BRDA:191,930,0,110
BRDA:191,930,1,111
BRDA:196,968,0,76
BRDA:198,985,0,76
BRDA:198,985,1,0
BRDA:198,1012,0,76
BRDA:198,1012,1,0
BRDA:196,968,1,111
BRDA:206,1180,0,111
BRDA:206,1180,1,0
LF:301
LH:284
BRF:72
BRH:67
FNF:30
FNH:30
end_of_record
SF:/mnt/c/Users/frede/Documents/bachelor_project/The-Project-Backend/BackendService/StockApp/Stock.cs
FN:9,System.String StockApp.Stock::get_ticker()
FNDA:832,System.String StockApp.Stock::get_ticker()
DA:10,832
FN:10,System.String StockApp.Stock::get_exchange()
FNDA:702,System.String StockApp.Stock::get_exchange()
DA:11,702
FN:4,System.Void StockApp.Stock::.ctor(System.String,System.String)
FNDA:119,System.Void StockApp.Stock::.ctor(System.String,System.String)
DA:5,119
DA:6,119
DA:7,119
DA:8,119
DA:9,119
LF:7
LH:7
BRF:0
BRH:0
FNF:3
FNH:3
end_of_record
SF:/mnt/c/Users/frede/Documents/bachelor_project/The-Project-Backend/BackendService/StockApp/StockPosition.cs
FN:11,StockApp.Portfolio StockApp.StockPosition::get_portfolio()
FNDA:467,StockApp.Portfolio StockApp.StockPosition::get_portfolio()
DA:12,467
FN:12,StockApp.Stock StockApp.StockPosition::get_stock()
FNDA:1415,StockApp.Stock StockApp.StockPosition::get_stock()
DA:13,1415
FN:14,System.Collections.Generic.List`1<StockApp.StockTransaction> StockApp.StockPosition::get_stockTransactions()
FNDA:66677,System.Collections.Generic.List`1<StockApp.StockTransaction> StockApp.StockPosition::get_stockTransactions()
DA:15,66677
FN:96,StockApp.StockPosition StockApp.StockPosition::UpdateStockTransactions(System.DateOnly,System.DateOnly)
FNDA:116,StockApp.StockPosition StockApp.StockPosition::UpdateStockTransactions(System.DateOnly,System.DateOnly)
DA:97,116
DA:98,116
DA:99,116
DA:100,116
DA:101,116
DA:102,116
DA:103,116
DA:104,116
DA:105,116
DA:106,116
DA:109,116
DA:111,116
DA:113,580
DA:114,116
DA:115,116
DA:117,116
DA:119,116
DA:120,116
DA:121,116
DA:122,116
DA:123,116
DA:124,116
DA:125,116
DA:126,116
DA:127,116
DA:129,116
DA:130,0
DA:131,0
DA:132,0
DA:133,116
DA:134,116
DA:136,116
DA:137,116
BRDA:113,724,1,116
BRDA:129,663,0,0
BRDA:129,663,1,116
BRDA:129,686,0,0
BRDA:129,686,1,116
BRDA:113,724,0,116
FN:6,System.Void StockApp.StockPosition::.ctor(StockApp.Portfolio,StockApp.Stock)
FNDA:119,System.Void StockApp.StockPosition::.ctor(StockApp.Portfolio,StockApp.Stock)
DA:7,119
DA:8,119
DA:9,119
DA:10,119
DA:11,119
FN:40,System.Boolean StockApp.StockPosition/<>c__DisplayClass13_0::<GetValueHistory>b__0(Data.Dividend)
FNDA:210,System.Boolean StockApp.StockPosition/<>c__DisplayClass13_0::<GetValueHistory>b__0(Data.Dividend)
DA:41,210
FN:17,System.Void StockApp.StockPosition/<GetValueHistory>d__13::MoveNext()
FNDA:116,System.Void StockApp.StockPosition/<GetValueHistory>d__13::MoveNext()
DA:18,116
DA:19,116
DA:20,116
DA:21,116
DA:23,116
DA:24,116
DA:27,116
DA:28,0
DA:29,0
DA:30,0
DA:32,116
DA:33,116
DA:34,116
DA:35,116
DA:37,116
DA:38,116
DA:39,116
DA:40,105
DA:42,105
DA:43,105
DA:44,116
DA:45,116
DA:48,41198
DA:49,41082
DA:51,41082
DA:52,24664
DA:54,24664
DA:55,116
DA:56,116
DA:57,116
DA:58,116
DA:59,116
DA:60,116
DA:62,0
DA:63,24664
DA:64,41082
DA:65,40963
DA:66,40963
DA:67,27715
DA:68,27715
DA:69,27715
DA:70,27715
DA:71,40963
DA:72,41082
DA:73,31588
DA:74,31588
DA:75,347
DA:76,347
DA:77,347
DA:79,347
DA:80,347
DA:81,31588
DA:82,41082
DA:83,41082
DA:84,41082
DA:85,41082
DA:86,41082
DA:87,41082
DA:88,41082
DA:89,41082
DA:90,41082
DA:91,41082
DA:93,116
DA:94,116
BRDA:27,193,0,0
BRDA:27,193,1,116
BRDA:33,298,0,116
BRDA:33,298,1,0
BRDA:39,571,0,105
BRDA:39,571,1,116
BRDA:48,1455,1,41082
BRDA:51,690,0,24664
BRDA:54,846,1,116
BRDA:58,788,0,116
BRDA:58,788,1,0
BRDA:54,846,0,24664
BRDA:51,690,1,41082
BRDA:64,880,0,40963
BRDA:66,930,0,27715
BRDA:66,930,1,40963
BRDA:64,880,1,41082
BRDA:72,1001,0,31588
BRDA:72,1001,1,9494
BRDA:72,1019,0,31588
BRDA:74,1072,0,347
BRDA:74,1072,1,31588
BRDA:72,1019,1,41082
BRDA:82,1213,0,41082
BRDA:82,1213,1,41082
BRDA:48,1455,0,116
LF:106
LH:99
BRF:32
BRH:27
FNF:7
FNH:7
end_of_record
SF:/mnt/c/Users/frede/Documents/bachelor_project/The-Project-Backend/BackendService/StockApp/StockTransaction.cs
FN:6,System.Nullable`1<System.Int32> StockApp.StockTransaction::get_id()
FNDA:593,System.Nullable`1<System.Int32> StockApp.StockTransaction::get_id()
DA:7,593
FN:7,System.String StockApp.StockTransaction::get_portfolioId()
FNDA:1272,System.String StockApp.StockTransaction::get_portfolioId()
DA:8,1272
FN:8,System.String StockApp.StockTransaction::get_ticker()
FNDA:1168,System.String StockApp.StockTransaction::get_ticker()
DA:9,1168
FN:9,System.String StockApp.StockTransaction::get_exchange()
FNDA:1138,System.String StockApp.StockTransaction::get_exchange()
DA:10,1138
FN:10,System.Decimal StockApp.StockTransaction::get_amount()
FNDA:1024,System.Decimal StockApp.StockTransaction::get_amount()
DA:11,1024
FN:11,System.Nullable`1<System.Decimal> StockApp.StockTransaction::get_amountAdjusted()
FNDA:250,System.Nullable`1<System.Decimal> StockApp.StockTransaction::get_amountAdjusted()
DA:12,250
FN:12,System.Nullable`1<System.Decimal> StockApp.StockTransaction::get_amountOwned()
FNDA:479,System.Nullable`1<System.Decimal> StockApp.StockTransaction::get_amountOwned()
DA:13,479
FN:13,System.Int32 StockApp.StockTransaction::get_timestamp()
FNDA:26019,System.Int32 StockApp.StockTransaction::get_timestamp()
DA:14,26019
FN:14,StockApp.Money StockApp.StockTransaction::get_priceNative()
FNDA:1846,StockApp.Money StockApp.StockTransaction::get_priceNative()
DA:15,1846
FN:15,StockApp.Money StockApp.StockTransaction::get_priceUSD()
FNDA:451,StockApp.Money StockApp.StockTransaction::get_priceUSD()
DA:16,451
FN:114,System.Threading.Tasks.Task StockApp.StockTransaction::Delete()
FNDA:14,System.Threading.Tasks.Task StockApp.StockTransaction::Delete()
DA:115,14
DA:116,14
DA:117,14
DA:118,14
DA:119,14
DA:120,14
DA:121,14
DA:122,1
DA:123,1
DA:126,13
DA:127,13
DA:128,13
DA:130,13
DA:131,13
DA:132,13
DA:133,0
DA:134,0
DA:135,0
DA:136,0
DA:138,13
DA:139,13
BRDA:121,58,0,1
BRDA:121,58,1,13
FN:17,System.Void StockApp.StockTransaction::.ctor(System.Int32,System.String,System.String,System.String,System.Decimal,System.Int32,StockApp.Money)
FNDA:3,System.Void StockApp.StockTransaction::.ctor(System.Int32,System.String,System.String,System.String,System.Decimal,System.Int32,StockApp.Money)
DA:18,3
DA:19,3
DA:20,3
DA:21,3
DA:22,3
DA:23,3
DA:24,3
DA:25,3
DA:26,3
DA:27,3
FN:28,System.Void StockApp.StockTransaction::.ctor()
FNDA:551,System.Void StockApp.StockTransaction::.ctor()
DA:29,551
DA:30,551
DA:32,551
FN:34,System.Void StockApp.StockTransaction/<AddToDb>d__42::MoveNext()
FNDA:134,System.Void StockApp.StockTransaction/<AddToDb>d__42::MoveNext()
DA:35,134
DA:36,134
DA:37,115
DA:38,115
DA:39,115
DA:41,134
DA:42,4
DA:43,4
DA:47,130
DA:48,130
DA:49,125
DA:50,5
DA:51,5
DA:52,5
DA:54,125
DA:55,2
DA:56,2
DA:59,123
DA:60,123
DA:61,123
DA:62,123
DA:63,123
DA:64,123
DA:65,123
DA:66,123
DA:68,123
DA:69,123
DA:70,123
DA:71,51
DA:72,51
DA:73,51
DA:74,123
DA:75,2
DA:76,2
DA:79,121
DA:81,121
DA:82,121
DA:83,121
DA:84,121
DA:85,121
DA:86,121
DA:87,121
DA:88,121
DA:89,121
DA:90,121
DA:91,121
DA:92,121
DA:94,121
DA:95,121
DA:96,121
DA:97,0
DA:98,0
DA:99,0
DA:100,0
DA:102,121
DA:103,121
DA:104,121
DA:105,121
DA:106,121
DA:107,0
DA:108,0
DA:110,121
DA:111,121
DA:112,121
BRDA:36,80,0,115
BRDA:36,80,1,134
BRDA:41,128,0,133
BRDA:41,141,0,132
BRDA:41,154,0,131
BRDA:41,128,1,3
BRDA:41,141,1,3
BRDA:41,154,1,3
BRDA:41,180,0,4
BRDA:41,180,1,132
BRDA:54,415,0,2
BRDA:54,415,1,123
BRDA:70,670,0,51
BRDA:70,670,1,123
BRDA:74,732,0,2
BRDA:74,732,1,121
BRDA:106,1459,0,0
BRDA:106,1459,1,121
LF:108
LH:98
BRF:20
BRH:19
FNF:14
FNH:14
end_of_record
SF:/mnt/c/Users/frede/Documents/bachelor_project/The-Project-Backend/BackendService/StockApp/TokenSet.cs
FN:20,System.String StockApp.TokenSet::get_refreshToken()
FNDA:551,System.String StockApp.TokenSet::get_refreshToken()
DA:21,551
FN:21,System.String StockApp.TokenSet::get_accessToken()
FNDA:1331,System.String StockApp.TokenSet::get_accessToken()
DA:22,1331
FN:24,StockApp.TokenSet StockApp.TokenSet::SetRefreshToken(System.String)
FNDA:4,StockApp.TokenSet StockApp.TokenSet::SetRefreshToken(System.String)
DA:25,4
DA:26,4
DA:27,1
DA:28,1
DA:31,3
DA:32,3
DA:33,3
BRDA:26,7,0,1
BRDA:26,7,1,3
FN:37,StockApp.TokenSet StockApp.TokenSet::Create(System.String)
FNDA:12,StockApp.TokenSet StockApp.TokenSet::Create(System.String)
DA:38,12
DA:39,12
DA:40,1
DA:41,1
DA:43,11
DA:45,11
DA:47,10
DA:48,10
DA:49,10
DA:51,10
DA:52,10
BRDA:39,7,0,1
BRDA:39,7,1,11
FN:54,StockApp.TokenSet StockApp.TokenSet::Refresh()
FNDA:5,StockApp.TokenSet StockApp.TokenSet::Refresh()
DA:55,5
DA:56,5
DA:57,1
DA:58,1
DA:60,4
DA:61,2
DA:62,2
DA:64,2
DA:65,2
BRDA:56,12,0,1
BRDA:56,12,1,4
FN:67,StockApp.User StockApp.TokenSet::GetUser()
FNDA:266,StockApp.User StockApp.TokenSet::GetUser()
DA:68,266
DA:69,266
DA:70,3
DA:71,3
DA:73,263
DA:74,263
DA:75,263
DA:76,263
DA:77,263
DA:79,263
DA:80,254
DA:81,254
DA:82,254
DA:84,9
DA:85,254
BRDA:69,14,0,3
BRDA:69,14,1,263
BRDA:79,85,0,254
BRDA:79,85,1,9
FN:7,System.Void StockApp.TokenSet::.ctor(System.String,System.String)
FNDA:256,System.Void StockApp.TokenSet::.ctor(System.String,System.String)
DA:8,256
DA:9,256
DA:10,256
DA:11,256
DA:12,256
FN:12,System.Void StockApp.TokenSet::.ctor(System.String)
FNDA:263,System.Void StockApp.TokenSet::.ctor(System.String)
DA:13,263
DA:14,263
DA:15,263
DA:16,263
FN:16,System.Void StockApp.TokenSet::.ctor()
FNDA:15,System.Void StockApp.TokenSet::.ctor()
DA:17,15
DA:18,15
DA:19,15
LF:56
LH:56
BRF:10
BRH:10
FNF:9
FNH:9
end_of_record
SF:/mnt/c/Users/frede/Documents/bachelor_project/The-Project-Backend/BackendService/StockApp/User.cs
FN:6,System.String StockApp.User::get_id()
FNDA:1833,System.String StockApp.User::get_id()
DA:7,1833
FN:7,System.String StockApp.User::get_email()
FNDA:590,System.String StockApp.User::get_email()
DA:8,590
FN:8,System.String StockApp.User::get_password()
FNDA:308,System.String StockApp.User::get_password()
DA:9,308
FN:25,StockApp.User StockApp.User::SignUp()
FNDA:9,StockApp.User StockApp.User::SignUp()
DA:26,9
DA:27,9
DA:28,2
DA:29,2
DA:31,7
DA:32,7
DA:33,7
DA:34,7
DA:36,7
DA:37,5
DA:38,5
DA:39,5
DA:40,5
DA:41,5
DA:42,5
DA:43,5
DA:44,5
DA:46,5
DA:47,5
DA:48,5
DA:49,0
DA:50,0
DA:51,0
DA:52,0
DA:54,5
DA:56,2
DA:57,5
BRDA:27,7,0,8
BRDA:27,7,1,1
BRDA:27,23,0,2
BRDA:27,23,1,7
BRDA:36,88,0,5
BRDA:36,88,1,2
FN:59,StockApp.User StockApp.User::SignIn()
FNDA:13,StockApp.User StockApp.User::SignIn()
DA:60,13
DA:61,13
DA:62,2
DA:63,2
DA:65,11
DA:66,11
DA:67,11
DA:68,11
DA:69,11
DA:70,11
DA:73,11
DA:74,7
DA:75,7
DA:76,7
DA:78,7
DA:79,2
DA:80,2
DA:82,5
DA:83,5
DA:85,4
DA:86,5
BRDA:61,7,0,12
BRDA:61,7,1,1
BRDA:61,25,0,2
BRDA:61,25,1,11
BRDA:73,118,0,7
BRDA:78,179,0,2
BRDA:78,179,1,5
BRDA:73,118,1,4
FN:88,StockApp.User StockApp.User::ChangeEmail(System.String)
FNDA:4,StockApp.User StockApp.User::ChangeEmail(System.String)
DA:89,4
DA:90,4
DA:91,1
DA:92,1
DA:94,3
DA:95,3
DA:96,3
DA:97,3
DA:98,3
DA:100,3
DA:101,3
DA:102,2
DA:103,2
DA:105,1
DA:106,1
DA:107,1
DA:108,1
DA:110,2
BRDA:90,7,0,1
BRDA:90,7,1,3
FN:112,StockApp.User StockApp.User::ChangePassword(System.String,System.String)
FNDA:6,StockApp.User StockApp.User::ChangePassword(System.String,System.String)
DA:113,6
DA:114,6
DA:115,2
DA:116,2
DA:118,4
DA:119,4
DA:120,4
DA:121,4
DA:122,4
DA:123,4
DA:124,4
DA:125,2
DA:126,2
DA:128,2
DA:129,2
DA:130,2
DA:131,2
DA:132,2
DA:134,2
DA:135,2
DA:136,2
DA:137,2
DA:139,0
DA:140,0
DA:141,0
DA:142,0
DA:144,2
BRDA:114,2,0,5
BRDA:114,2,1,1
BRDA:114,15,0,2
BRDA:114,15,1,4
BRDA:124,89,0,2
BRDA:124,89,1,2
FN:146,System.Void StockApp.User::Delete()
FNDA:3,System.Void StockApp.User::Delete()
DA:147,3
DA:148,3
DA:149,1
DA:150,1
DA:152,2
DA:153,2
DA:154,2
DA:155,2
DA:157,2
DA:158,2
DA:159,2
DA:160,0
DA:161,0
DA:162,0
DA:163,0
DA:165,2
BRDA:148,12,0,1
BRDA:148,12,1,2
FN:167,StockApp.User StockApp.User::UpdatePortfolios()
FNDA:89,StockApp.User StockApp.User::UpdatePortfolios()
DA:168,89
DA:169,89
DA:170,1
DA:171,1
DA:173,88
DA:174,88
DA:175,88
DA:176,88
DA:177,88
DA:178,88
DA:179,0
DA:180,0
DA:182,88
DA:183,730
DA:184,233
DA:185,233
DA:186,233
DA:187,233
DA:188,233
DA:189,233
DA:190,233
DA:191,233
DA:192,233
DA:193,233
DA:194,88
DA:195,88
BRDA:169,14,0,1
BRDA:169,14,1,88
BRDA:178,85,0,0
BRDA:178,85,1,88
BRDA:183,234,1,233
BRDA:183,234,0,88
FN:197,StockApp.Portfolio StockApp.User::GetPortfolios(System.String)
FNDA:40,StockApp.Portfolio StockApp.User::GetPortfolios(System.String)
DA:198,40
DA:199,40
DA:200,1
DA:201,1
DA:203,39
DA:204,39
DA:205,39
DA:206,39
DA:207,39
DA:208,39
DA:210,39
DA:211,39
DA:212,28
DA:213,28
DA:214,28
DA:215,28
DA:216,28
DA:217,28
DA:218,28
DA:219,28
DA:220,28
DA:222,11
DA:224,28
BRDA:199,9,0,1
BRDA:199,9,1,39
BRDA:211,100,0,28
BRDA:211,100,1,11
FN:262,System.Collections.Generic.List`1<Data.CashBalance> StockApp.User::InsertMissingValues(System.Collections.Generic.List`1<Data.CashBalance>)
FNDA:150,System.Collections.Generic.List`1<Data.CashBalance> StockApp.User::InsertMissingValues(System.Collections.Generic.List`1<Data.CashBalance>)
DA:263,150
DA:264,150
DA:265,788
DA:266,244
DA:267,244
DA:268,244
DA:270,244
DA:272,244
DA:273,244
DA:275,7524
DA:276,7280
DA:277,7280
DA:278,7280
DA:279,7280
DA:280,7280
DA:281,244
DA:283,150
DA:284,150
BRDA:265,133,1,244
BRDA:275,111,1,7280
BRDA:275,111,0,244
BRDA:265,133,0,150
FN:354,System.Collections.Generic.List`1<StockApp.StockTransaction> StockApp.User::GetAllStockTransactions()
FNDA:3,System.Collections.Generic.List`1<StockApp.StockTransaction> StockApp.User::GetAllStockTransactions()
DA:355,3
DA:356,3
DA:358,3
DA:360,15
DA:361,3
DA:362,3
DA:363,15
DA:364,3
DA:365,3
DA:366,3
DA:367,3
DA:369,3
DA:370,3
BRDA:360,200,1,3
BRDA:363,173,1,3
BRDA:363,173,0,3
BRDA:360,200,0,3
FN:372,System.Int32 StockApp.User::PostPreference(System.String,System.String)
FNDA:17,System.Int32 StockApp.User::PostPreference(System.String,System.String)
DA:373,17
DA:374,17
DA:375,2
DA:376,2
DA:378,15
DA:379,15
DA:380,15
DA:381,15
DA:382,15
DA:383,15
DA:384,15
DA:385,15
DA:386,15
DA:387,15
DA:388,15
DA:389,15
DA:390,15
DA:391,15
DA:393,15
DA:394,15
DA:396,0
DA:397,0
DA:398,0
DA:399,0
DA:401,15
BRDA:374,7,0,17
BRDA:374,10,0,16
BRDA:374,7,1,1
BRDA:374,10,1,1
BRDA:374,21,0,2
BRDA:374,21,1,15
FN:403,System.Collections.Generic.Dictionary`2<System.String,System.String> StockApp.User::GetPreferences()
FNDA:8,System.Collections.Generic.Dictionary`2<System.String,System.String> StockApp.User::GetPreferences()
DA:404,8
DA:405,8
DA:406,1
DA:407,1
DA:409,7
DA:410,7
DA:411,7
DA:412,7
DA:413,7
DA:414,7
DA:415,3
DA:416,3
DA:418,4
DA:419,26
DA:420,7
DA:421,7
DA:422,7
DA:423,4
DA:424,7
BRDA:405,14,0,1
BRDA:405,14,1,7
BRDA:414,78,0,7
BRDA:414,78,1,0
BRDA:414,96,0,3
BRDA:414,96,1,4
BRDA:419,186,1,7
BRDA:419,186,0,4
FN:426,System.Void StockApp.User::DeletePreference(System.String)
FNDA:4,System.Void StockApp.User::DeletePreference(System.String)
DA:427,4
DA:428,4
DA:429,2
DA:430,2
DA:432,2
DA:433,2
DA:434,2
DA:435,2
DA:436,2
DA:438,2
DA:439,2
DA:440,2
DA:441,0
DA:442,0
DA:443,0
DA:444,0
DA:446,2
BRDA:428,7,0,3
BRDA:428,7,1,1
BRDA:428,18,0,2
BRDA:428,18,1,2
FN:10,System.Void StockApp.User::.ctor(System.String,System.String)
FNDA:844,System.Void StockApp.User::.ctor(System.String,System.String)
DA:11,844
DA:13,260
DA:14,260
DA:15,260
DA:16,260
DA:17,260
FN:18,System.Void StockApp.User::.ctor(System.String)
FNDA:584,System.Void StockApp.User::.ctor(System.String)
DA:19,584
DA:20,584
DA:21,584
DA:22,584
FN:253,Data.CashBalance StockApp.User/<>c::<GetValueHistory>b__22_2(Data.Transaction)
FNDA:322,Data.CashBalance StockApp.User/<>c::<GetValueHistory>b__22_2(Data.Transaction)
DA:254,322
DA:255,322
DA:256,322
DA:257,322
FN:229,System.Boolean StockApp.User/<>c__DisplayClass22_0::<GetValueHistory>b__0(Data.Transaction)
FNDA:768,System.Boolean StockApp.User/<>c__DisplayClass22_0::<GetValueHistory>b__0(Data.Transaction)
DA:230,768
FN:230,System.Boolean StockApp.User/<>c__DisplayClass22_0::<GetValueHistory>b__1(Data.Transaction)
FNDA:524,System.Boolean StockApp.User/<>c__DisplayClass22_0::<GetValueHistory>b__1(Data.Transaction)
DA:231,524
FN:296,System.Void StockApp.User/<>c__DisplayClass24_0::<GetTransactions>b__0(System.Collections.Generic.Dictionary`2<System.String,System.Object>)
FNDA:3205,System.Void StockApp.User/<>c__DisplayClass24_0::<GetTransactions>b__0(System.Collections.Generic.Dictionary`2<System.String,System.Object>)
DA:297,3205
FN:286,System.Void StockApp.User/<GetTransactions>d__24::MoveNext()
FNDA:198,System.Void StockApp.User/<GetTransactions>d__24::MoveNext()
DA:287,198
DA:288,198
DA:289,198
DA:290,198
DA:291,198
DA:293,198
DA:294,198
DA:295,198
DA:296,198
DA:298,198
DA:299,197
DA:300,6603
DA:301,3006
DA:302,3006
DA:303,3006
DA:304,3006
DA:305,3006
DA:309,3006
DA:312,2493
DA:313,2493
DA:315,513
DA:316,513
DA:319,3006
DA:320,3006
DA:321,2673
DA:322,2673
DA:323,2673
DA:325,333
DA:326,333
DA:327,333
DA:329,3006
DA:332,49
DA:333,49
DA:335,2957
DA:336,2957
DA:339,3006
DA:340,3006
DA:341,3006
DA:342,3006
DA:343,3006
DA:344,3006
DA:345,3006
DA:346,3006
DA:347,3006
DA:348,3006
DA:349,3006
DA:350,3006
DA:351,197
DA:352,197
BRDA:300,1246,1,3006
BRDA:309,514,1,2493
BRDA:309,514,0,513
BRDA:320,684,0,2673
BRDA:320,684,1,333
BRDA:329,814,1,49
BRDA:329,814,0,2957
BRDA:300,1246,0,197
FN:226,System.Void StockApp.User/<GetValueHistory>d__22::MoveNext()
FNDA:39,System.Void StockApp.User/<GetValueHistory>d__22::MoveNext()
DA:227,39
DA:228,39
DA:229,39
DA:232,39
DA:233,38
DA:234,38
DA:235,38
DA:236,39
DA:237,39
DA:238,39
DA:239,39
DA:240,39
DA:243,39
DA:244,39
DA:245,39
DA:246,39
DA:247,331
DA:248,107
DA:249,107
DA:250,107
DA:251,107
DA:252,107
DA:253,107
DA:259,39
DA:260,39
BRDA:232,298,0,38
BRDA:232,298,1,39
BRDA:237,336,0,39
BRDA:239,353,0,39
BRDA:239,353,1,0
BRDA:239,380,0,39
BRDA:239,380,1,0
BRDA:237,336,1,39
BRDA:247,761,1,107
BRDA:247,761,0,39
LF:344
LH:322
BRF:78
BRH:74
FNF:23
FNH:23
end_of_record
SF:/mnt/c/Users/frede/Documents/bachelor_project/The-Project-Backend/BackendService/StockApp/EndpointHandler/EndpointHandler.cs
FN:5,System.Void StockApp.EndpointHandler.EndpointHandler::.ctor(System.String)
FNDA:40,System.Void StockApp.EndpointHandler.EndpointHandler::.ctor(System.String)
DA:6,40
DA:7,40
DA:8,40
DA:9,40
LF:4
LH:4
BRF:0
BRH:0
FNF:1
FNH:1
end_of_record
SF:/mnt/c/Users/frede/Documents/bachelor_project/The-Project-Backend/BackendService/StockApp/EndpointHandler/ValueHistory.cs
FN:4,System.Void StockApp.EndpointHandler.ValueHistory::.ctor(System.String)
FNDA:40,System.Void StockApp.EndpointHandler.ValueHistory::.ctor(System.String)
DA:5,40
DA:6,40
DA:8,40
FN:10,System.Void StockApp.EndpointHandler.ValueHistory/<Get>d__1::MoveNext()
FNDA:40,System.Void StockApp.EndpointHandler.ValueHistory/<Get>d__1::MoveNext()
DA:11,40
DA:12,40
DA:13,1
DA:14,1
DA:16,39
DA:17,39
DA:18,39
BRDA:12,37,0,1
BRDA:12,37,1,39
LF:10
LH:10
BRF:2
BRH:2
FNF:2
FNH:2
end_of_record
SF:/mnt/c/Users/frede/Documents/bachelor_project/The-Project-Backend/BackendService/Program.cs
FN:9,System.Void BackendService.Program::Main()
FNDA:0,System.Void BackendService.Program::Main()
DA:10,0
DA:11,0
DA:12,0
LF:3
LH:0
BRF:0
BRH:0
FNF:1
FNH:0
end_of_record
SF:/mnt/c/Users/frede/Documents/bachelor_project/The-Project-Backend/BackendService/Data/CashBalance.cs
FN:4,System.DateOnly Data.CashBalance::get_date()
FNDA:8051,System.DateOnly Data.CashBalance::get_date()
DA:5,8051
FN:5,StockApp.Money Data.CashBalance::get_balance()
FNDA:14843,StockApp.Money Data.CashBalance::get_balance()
DA:6,14843
FN:7,System.Void Data.CashBalance::.ctor(System.DateOnly,StockApp.Money)
FNDA:7563,System.Void Data.CashBalance::.ctor(System.DateOnly,StockApp.Money)
DA:8,7563
DA:9,7563
DA:10,7563
DA:11,7563
DA:12,7563
LF:7
LH:7
BRF:0
BRH:0
FNF:3
FNH:3
end_of_record
SF:/mnt/c/Users/frede/Documents/bachelor_project/The-Project-Backend/BackendService/Data/CurrencyHistory.cs
FN:15,System.String Data.CurrencyHistory::get_currency()
FNDA:704,System.String Data.CurrencyHistory::get_currency()
DA:16,704
FN:16,System.DateOnly Data.CurrencyHistory::get_startDate()
FNDA:1827,System.DateOnly Data.CurrencyHistory::get_startDate()
DA:17,1827
FN:17,System.DateOnly Data.CurrencyHistory::get_endDate()
FNDA:1231,System.DateOnly Data.CurrencyHistory::get_endDate()
DA:18,1231
FN:18,System.String Data.CurrencyHistory::get_interval()
FNDA:635,System.String Data.CurrencyHistory::get_interval()
DA:19,635
FN:19,System.Collections.Generic.List`1<Data.DatePriceOHLC> Data.CurrencyHistory::get_history()
FNDA:1226740,System.Collections.Generic.List`1<Data.DatePriceOHLC> Data.CurrencyHistory::get_history()
DA:20,1226740
FN:6,System.Void Data.CurrencyHistory::.ctor(System.String,System.DateOnly,System.DateOnly,System.String)
FNDA:635,System.Void Data.CurrencyHistory::.ctor(System.String,System.DateOnly,System.DateOnly,System.String)
DA:7,635
DA:8,635
DA:9,635
DA:10,635
DA:11,635
DA:12,635
DA:13,635
DA:14,635
LF:13
LH:13
BRF:0
BRH:0
FNF:6
FNH:6
end_of_record
SF:/mnt/c/Users/frede/Documents/bachelor_project/The-Project-Backend/BackendService/Data/DatePriceOHLC.cs
FN:16,System.DateOnly Data.DatePriceOHLC::get_date()
FNDA:48722696,System.DateOnly Data.DatePriceOHLC::get_date()
DA:17,48722696
FN:17,StockApp.Money Data.DatePriceOHLC::get_openPrice()
FNDA:769980,StockApp.Money Data.DatePriceOHLC::get_openPrice()
DA:18,769980
FN:18,StockApp.Money Data.DatePriceOHLC::get_highPrice()
FNDA:687192,StockApp.Money Data.DatePriceOHLC::get_highPrice()
DA:19,687192
FN:19,StockApp.Money Data.DatePriceOHLC::get_lowPrice()
FNDA:665476,StockApp.Money Data.DatePriceOHLC::get_lowPrice()
DA:20,665476
FN:20,StockApp.Money Data.DatePriceOHLC::get_closePrice()
FNDA:669100,StockApp.Money Data.DatePriceOHLC::get_closePrice()
DA:21,669100
FN:24,System.Collections.Generic.List`1<Data.DatePriceOHLC> Data.DatePriceOHLC::AddLists(System.Collections.Generic.List`1<Data.DatePriceOHLC>,System.Collections.Generic.List`1<Data.DatePriceOHLC>)
FNDA:223,System.Collections.Generic.List`1<Data.DatePriceOHLC> Data.DatePriceOHLC::AddLists(System.Collections.Generic.List`1<Data.DatePriceOHLC>,System.Collections.Generic.List`1<Data.DatePriceOHLC>)
DA:25,223
DA:26,223
DA:27,116
DA:28,116
DA:30,107
DA:31,33
DA:32,33
DA:35,74
DA:36,74
DA:38,74
DA:40,52400
DA:41,26126
DA:42,26126
DA:43,26126
DA:44,26126
DA:45,26126
DA:47,4778602
DA:48,26126
DA:49,4778602
DA:50,4778602
DA:51,4778602
DA:52,4778602
DA:53,26126
DA:54,4778602
DA:55,26126
DA:56,4778602
DA:57,4778602
DA:58,4778602
DA:59,4778602
DA:60,26126
DA:62,26126
DA:63,26126
DA:66,74
DA:67,223
BRDA:26,12,0,116
BRDA:26,12,1,107
BRDA:30,36,0,33
BRDA:30,36,1,74
BRDA:35,76,0,74
BRDA:35,76,1,0
BRDA:36,148,0,74
BRDA:36,148,1,0
BRDA:40,843,1,26126
BRDA:47,357,0,26126
BRDA:47,357,1,26126
BRDA:54,579,0,26126
BRDA:54,579,1,26126
BRDA:40,843,0,74
FN:7,System.Void Data.DatePriceOHLC::.ctor(System.DateOnly,StockApp.Money,StockApp.Money,StockApp.Money,StockApp.Money)
FNDA:373569,System.Void Data.DatePriceOHLC::.ctor(System.DateOnly,StockApp.Money,StockApp.Money,StockApp.Money,StockApp.Money)
DA:8,373569
DA:9,373569
DA:10,373569
DA:11,373569
DA:12,373569
DA:13,373569
DA:14,373569
DA:15,373569
LF:47
LH:47
BRF:14
BRH:12
FNF:7
FNH:7
end_of_record
SF:/mnt/c/Users/frede/Documents/bachelor_project/The-Project-Backend/BackendService/Data/Dividend.cs
FN:10,System.DateOnly Data.Dividend::get_date()
FNDA:33551,System.DateOnly Data.Dividend::get_date()
DA:11,33551
FN:11,StockApp.Money Data.Dividend::get_payout()
FNDA:2317,StockApp.Money Data.Dividend::get_payout()
DA:12,2317
FN:4,System.Void Data.Dividend::.ctor(System.DateOnly,StockApp.Money)
FNDA:919,System.Void Data.Dividend::.ctor(System.DateOnly,StockApp.Money)
DA:5,919
DA:6,919
DA:7,919
DA:8,919
DA:9,919
LF:7
LH:7
BRF:0
BRH:0
FNF:3
FNH:3
end_of_record
SF:/mnt/c/Users/frede/Documents/bachelor_project/The-Project-Backend/BackendService/Data/Position.cs
FN:4,System.String Data.Position::get_ticker()
FNDA:120,System.String Data.Position::get_ticker()
DA:5,120
FN:5,System.String Data.Position::get_exchange()
FNDA:120,System.String Data.Position::get_exchange()
DA:6,120
FN:6,System.Collections.Generic.List`1<Data.DatePriceOHLC> Data.Position::get_valueHistory()
FNDA:368,System.Collections.Generic.List`1<Data.DatePriceOHLC> Data.Position::get_valueHistory()
DA:7,368
FN:7,System.Collections.Generic.List`1<Data.Dividend> Data.Position::get_dividends()
FNDA:252,System.Collections.Generic.List`1<Data.Dividend> Data.Position::get_dividends()
DA:8,252
FN:9,System.Void Data.Position::.ctor(System.String,System.String,System.Collections.Generic.List`1<Data.DatePriceOHLC>,System.Collections.Generic.List`1<Data.Dividend>)
FNDA:116,System.Void Data.Position::.ctor(System.String,System.String,System.Collections.Generic.List`1<Data.DatePriceOHLC>,System.Collections.Generic.List`1<Data.Dividend>)
DA:10,116
DA:11,116
DA:12,116
DA:13,116
DA:14,116
DA:15,116
DA:16,116
LF:11
LH:11
BRF:0
BRH:0
FNF:5
FNH:5
end_of_record
SF:/mnt/c/Users/frede/Documents/bachelor_project/The-Project-Backend/BackendService/Data/StockHistory.cs
FN:26,System.String Data.StockHistory::get_ticker()
FNDA:1051,System.String Data.StockHistory::get_ticker()
DA:27,1051
FN:27,System.String Data.StockHistory::get_exchange()
FNDA:1051,System.String Data.StockHistory::get_exchange()
DA:28,1051
FN:28,System.Nullable`1<System.DateOnly> Data.StockHistory::get_startDate()
FNDA:430,System.Nullable`1<System.DateOnly> Data.StockHistory::get_startDate()
DA:29,430
FN:29,System.Nullable`1<System.DateOnly> Data.StockHistory::get_endDate()
FNDA:430,System.Nullable`1<System.DateOnly> Data.StockHistory::get_endDate()
DA:30,430
FN:30,System.String Data.StockHistory::get_interval()
FNDA:536,System.String Data.StockHistory::get_interval()
DA:31,536
FN:31,System.Collections.Generic.List`1<Data.DatePriceOHLC> Data.StockHistory::get_history()
FNDA:186623,System.Collections.Generic.List`1<Data.DatePriceOHLC> Data.StockHistory::get_history()
DA:32,186623
FN:32,System.Collections.Generic.List`1<Data.Dividend> Data.StockHistory::get_dividends()
FNDA:75093,System.Collections.Generic.List`1<Data.Dividend> Data.StockHistory::get_dividends()
DA:33,75093
FN:6,System.Void Data.StockHistory::.ctor(System.String,System.String,System.DateOnly,System.DateOnly,System.String)
FNDA:86,System.Void Data.StockHistory::.ctor(System.String,System.String,System.DateOnly,System.DateOnly,System.String)
DA:7,86
DA:8,86
DA:9,86
DA:10,86
DA:11,86
DA:12,86
DA:13,86
DA:14,86
DA:15,86
DA:16,86
FN:17,System.Void Data.StockHistory::.ctor(System.String,System.String,System.String)
FNDA:446,System.Void Data.StockHistory::.ctor(System.String,System.String,System.String)
DA:18,446
DA:19,446
DA:20,446
DA:21,446
DA:22,446
DA:23,446
DA:24,446
DA:25,446
LF:25
LH:25
BRF:0
BRH:0
FNF:9
FNH:9
end_of_record
SF:/mnt/c/Users/frede/Documents/bachelor_project/The-Project-Backend/BackendService/Data/StockProfile.cs
FN:4,System.String Data.StockProfile::get_ticker()
FNDA:655,System.String Data.StockProfile::get_ticker()
DA:5,655
FN:5,System.String Data.StockProfile::get_exchange()
FNDA:655,System.String Data.StockProfile::get_exchange()
DA:6,655
FN:6,System.String Data.StockProfile::get_displayName()
FNDA:311,System.String Data.StockProfile::get_displayName()
DA:7,311
FN:7,System.String Data.StockProfile::get_shortName()
FNDA:310,System.String Data.StockProfile::get_shortName()
DA:8,310
FN:8,System.String Data.StockProfile::get_longName()
FNDA:310,System.String Data.StockProfile::get_longName()
DA:9,310
FN:9,System.String Data.StockProfile::get_industry()
FNDA:291,System.String Data.StockProfile::get_industry()
DA:10,291
FN:10,System.String Data.StockProfile::get_sector()
FNDA:291,System.String Data.StockProfile::get_sector()
DA:11,291
FN:11,System.String Data.StockProfile::get_website()
FNDA:291,System.String Data.StockProfile::get_website()
DA:12,291
FN:12,System.String Data.StockProfile::get_country()
FNDA:310,System.String Data.StockProfile::get_country()
DA:13,310
FN:13,System.String Data.StockProfile::get_address()
FNDA:291,System.String Data.StockProfile::get_address()
DA:14,291
FN:14,System.String Data.StockProfile::get_city()
FNDA:291,System.String Data.StockProfile::get_city()
DA:15,291
FN:15,System.String Data.StockProfile::get_state()
FNDA:291,System.String Data.StockProfile::get_state()
DA:16,291
FN:16,System.String Data.StockProfile::get_zip()
FNDA:291,System.String Data.StockProfile::get_zip()
DA:17,291
FN:17,System.String Data.StockProfile::get_financialCurrency()
FNDA:291,System.String Data.StockProfile::get_financialCurrency()
DA:18,291
FN:18,System.Nullable`1<System.Decimal> Data.StockProfile::get_sharesOutstanding()
FNDA:291,System.Nullable`1<System.Decimal> Data.StockProfile::get_sharesOutstanding()
DA:19,291
FN:19,System.Nullable`1<System.Decimal> Data.StockProfile::get_trailingAnnualDividendRate()
FNDA:0,System.Nullable`1<System.Decimal> Data.StockProfile::get_trailingAnnualDividendRate()
DA:20,0
FN:20,System.Nullable`1<System.Decimal> Data.StockProfile::get_trailingAnnualDividendYield()
FNDA:0,System.Nullable`1<System.Decimal> Data.StockProfile::get_trailingAnnualDividendYield()
DA:21,0
FN:23,System.Void Data.StockProfile::.ctor()
FNDA:912,System.Void Data.StockProfile::.ctor()
DA:24,912
FN:24,System.Void Data.StockProfile::.ctor(System.String,System.String,System.String,System.String,System.String,System.String)
FNDA:19,System.Void Data.StockProfile::.ctor(System.String,System.String,System.String,System.String,System.String,System.String)
DA:25,19
DA:26,19
DA:27,19
DA:28,19
DA:29,19
DA:30,19
DA:31,19
DA:32,19
DA:33,19
LF:27
LH:25
BRF:0
BRH:0
FNF:19
FNH:17
end_of_record
SF:/mnt/c/Users/frede/Documents/bachelor_project/The-Project-Backend/BackendService/Data/Transaction.cs
FN:16,System.String Data.Transaction::get_type()
FNDA:3179,System.String Data.Transaction::get_type()
DA:17,3179
FN:17,System.Int32 Data.Transaction::get_id()
FNDA:3006,System.Int32 Data.Transaction::get_id()
DA:18,3006
FN:18,System.String Data.Transaction::get_portfolio()
FNDA:3520,System.String Data.Transaction::get_portfolio()
DA:19,3520
FN:19,System.Int32 Data.Transaction::get_timestamp()
FNDA:7570,System.Int32 Data.Transaction::get_timestamp()
DA:20,7570
FN:20,System.String Data.Transaction::get_description()
FNDA:3027,System.String Data.Transaction::get_description()
DA:21,3027
FN:21,StockApp.Money Data.Transaction::get_value()
FNDA:3088,StockApp.Money Data.Transaction::get_value()
DA:22,3088
FN:22,StockApp.Money Data.Transaction::get_balance()
FNDA:3132,StockApp.Money Data.Transaction::get_balance()
DA:23,3132
FN:23,StockApp.Money Data.Transaction::get_combinedBalance()
FNDA:3371,StockApp.Money Data.Transaction::get_combinedBalance()
DA:24,3371
FN:4,System.Void Data.Transaction::.ctor(System.String,System.Int32,System.String,System.Int32,System.String,StockApp.Money,StockApp.Money,StockApp.Money)
FNDA:3006,System.Void Data.Transaction::.ctor(System.String,System.Int32,System.String,System.Int32,System.String,StockApp.Money,StockApp.Money,StockApp.Money)
DA:5,3006
DA:6,3006
DA:7,3006
DA:8,3006
DA:9,3006
DA:10,3006
DA:11,3006
DA:12,3006
DA:13,3006
DA:14,3006
DA:15,3006
LF:19
LH:19
BRF:0
BRH:0
FNF:9
FNH:9
end_of_record
SF:/mnt/c/Users/frede/Documents/bachelor_project/The-Project-Backend/BackendService/Data/UserAssetsValueHistory.cs
FN:4,System.Collections.Generic.List`1<Data.DatePriceOHLC> Data.UserAssetsValueHistory::get_valueHistory()
FNDA:103,System.Collections.Generic.List`1<Data.DatePriceOHLC> Data.UserAssetsValueHistory::get_valueHistory()
DA:5,103
FN:5,System.Collections.Generic.List`1<Data.Dividend> Data.UserAssetsValueHistory::get_dividendHistory()
FNDA:39,System.Collections.Generic.List`1<Data.Dividend> Data.UserAssetsValueHistory::get_dividendHistory()
DA:6,39
FN:6,System.Collections.Generic.List`1<StockApp.Portfolio> Data.UserAssetsValueHistory::get_portfolios()
FNDA:185,System.Collections.Generic.List`1<StockApp.Portfolio> Data.UserAssetsValueHistory::get_portfolios()
DA:7,185
FN:7,System.Collections.Generic.List`1<Data.CashBalance> Data.UserAssetsValueHistory::get_cashBalanceHistory()
FNDA:39,System.Collections.Generic.List`1<Data.CashBalance> Data.UserAssetsValueHistory::get_cashBalanceHistory()
DA:8,39
FN:9,System.Void Data.UserAssetsValueHistory::.ctor(System.Collections.Generic.List`1<Data.DatePriceOHLC>,System.Collections.Generic.List`1<StockApp.Portfolio>,System.Collections.Generic.List`1<Data.Dividend>,System.Collections.Generic.List`1<Data.CashBalance>)
FNDA:39,System.Void Data.UserAssetsValueHistory::.ctor(System.Collections.Generic.List`1<Data.DatePriceOHLC>,System.Collections.Generic.List`1<StockApp.Portfolio>,System.Collections.Generic.List`1<Data.Dividend>,System.Collections.Generic.List`1<Data.CashBalance>)
DA:10,39
DA:11,39
DA:12,39
DA:13,39
DA:14,39
DA:15,39
DA:16,39
LF:11
LH:11
BRF:0
BRH:0
FNF:5
FNH:5
end_of_record
SF:/mnt/c/Users/frede/Documents/bachelor_project/The-Project-Backend/BackendService/Data/Fetcher/CurrencyFetcher.cs
FN:49,Data.CurrencyHistory Data.Fetcher.CurrencyFetcher::InsertMissingValues(Data.CurrencyHistory)
FNDA:596,Data.CurrencyHistory Data.Fetcher.CurrencyFetcher::InsertMissingValues(Data.CurrencyHistory)
DA:50,596
DA:51,596
DA:52,0
DA:53,0
DA:55,596
DA:56,0
DA:57,0
DA:58,0
DA:59,0
DA:60,0
DA:61,0
DA:62,0
DA:63,0
DA:64,0
DA:65,0
DA:66,448364
DA:67,223586
DA:68,223586
DA:69,63596
DA:70,63596
DA:71,63596
DA:72,63596
DA:73,63596
DA:74,63596
DA:75,63596
DA:76,63596
DA:77,63596
DA:78,63596
DA:79,223586
DA:80,596
DA:81,596
BRDA:51,17,0,0
BRDA:51,17,1,596
BRDA:55,56,0,0
BRDA:55,56,1,596
BRDA:66,373,1,223586
BRDA:68,216,0,63596
BRDA:68,216,1,223586
BRDA:66,373,0,596
FN:83,System.Void Data.Fetcher.CurrencyFetcher::SaveCurrencyHistory(Data.CurrencyHistory,System.Boolean,System.Boolean)
FNDA:7,System.Void Data.Fetcher.CurrencyFetcher::SaveCurrencyHistory(Data.CurrencyHistory,System.Boolean,System.Boolean)
DA:84,7
DA:85,7
DA:86,7
DA:87,0
DA:88,7
DA:89,7
DA:90,7
DA:91,7
DA:92,7
DA:94,7
DA:95,7
DA:97,7
DA:98,0
DA:99,0
DA:100,0
DA:101,0
DA:102,0
DA:103,0
DA:105,7
BRDA:86,34,1,7
BRDA:86,34,0,7
FN:11,System.Void Data.Fetcher.CurrencyFetcher/<GetHistory>d__0::MoveNext()
FNDA:596,System.Void Data.Fetcher.CurrencyFetcher/<GetHistory>d__0::MoveNext()
DA:12,596
DA:13,596
DA:14,596
DA:15,596
DA:16,596
DA:17,596
DA:18,596
DA:22,596
DA:23,596
DA:24,596
DA:25,596
DA:26,0
DA:27,0
DA:28,0
DA:29,0
DA:30,0
DA:33,596
DA:34,7
DA:35,7
DA:37,7
DA:38,7
DA:39,596
DA:40,0
DA:41,0
DA:42,0
DA:43,0
DA:44,596
DA:45,596
DA:46,596
DA:47,596
BRDA:17,131,0,596
BRDA:33,472,0,7
BRDA:33,472,1,596
BRDA:39,686,0,0
BRDA:39,686,1,596
BRDA:17,131,1,596
LF:80
LH:52
BRF:16
BRH:13
FNF:3
FNH:3
end_of_record
SF:/mnt/c/Users/frede/Documents/bachelor_project/The-Project-Backend/BackendService/Data/Fetcher/StockFetcher.cs
FN:104,System.Void Data.Fetcher.StockFetcher::SaveProfile(Data.StockProfile)
FNDA:0,System.Void Data.Fetcher.StockFetcher::SaveProfile(Data.StockProfile)
DA:105,0
DA:106,0
DA:107,0
DA:108,0
DA:109,0
DA:110,0
DA:111,0
DA:112,0
DA:113,0
DA:114,0
DA:115,0
DA:116,0
DA:117,0
DA:118,0
DA:119,0
DA:120,0
DA:121,0
DA:122,0
DA:123,0
DA:124,0
DA:125,0
DA:126,0
DA:127,0
DA:129,0
DA:130,0
DA:131,0
DA:132,0
DA:133,0
DA:134,0
DA:135,0
DA:139,0
FN:141,System.String Data.Fetcher.StockFetcher::GenerateTags(Data.StockProfile)
FNDA:1,System.String Data.Fetcher.StockFetcher::GenerateTags(Data.StockProfile)
DA:142,1
DA:143,1
DA:144,1
DA:145,1
DA:146,1
DA:147,1
DA:148,1
FN:151,System.Void Data.Fetcher.StockFetcher::SaveStockHistory(Data.StockHistory,System.Boolean,System.Boolean)
FNDA:95,System.Void Data.Fetcher.StockFetcher::SaveStockHistory(Data.StockHistory,System.Boolean,System.Boolean)
DA:152,95
DA:153,95
DA:154,95
DA:155,94
DA:156,1
DA:157,1
DA:158,1
DA:159,1
DA:161,1
DA:162,1
DA:163,1
DA:164,1
DA:166,1
DA:167,1
DA:168,1
DA:169,0
DA:170,0
DA:171,0
DA:172,0
DA:176,1
DA:177,1
DA:178,1
DA:179,1
DA:180,1
DA:181,1
DA:182,1
DA:184,1
DA:185,1
DA:186,1
DA:187,0
DA:188,0
DA:189,0
DA:190,0
DA:192,1
DA:193,1
DA:194,1
DA:195,1
DA:196,1
DA:197,1
DA:198,1
DA:199,1
DA:201,1
DA:202,1
DA:203,1
DA:204,0
DA:205,0
DA:206,0
DA:207,0
DA:210,1
DA:211,95
BRDA:154,36,1,1
BRDA:162,86,1,1
BRDA:162,86,0,1
BRDA:176,337,0,1
BRDA:176,337,1,1
BRDA:193,540,0,1
BRDA:154,36,0,95
BRDA:193,540,1,95
FN:213,System.Void Data.Fetcher.StockFetcher::SaveDividends(System.Collections.Generic.List`1<Data.Dividend>,System.String,System.String)
FNDA:95,System.Void Data.Fetcher.StockFetcher::SaveDividends(System.Collections.Generic.List`1<Data.Dividend>,System.String,System.String)
DA:214,95
DA:215,95
DA:216,94
DA:217,1
DA:218,1
DA:219,1
DA:220,1
DA:222,1
DA:223,1
DA:224,1
DA:225,1
DA:227,1
DA:228,1
DA:229,1
DA:230,0
DA:231,0
DA:232,0
DA:233,0
DA:235,95
BRDA:215,14,1,1
BRDA:223,59,1,1
BRDA:223,59,0,1
BRDA:215,14,0,95
FN:9,System.Void Data.Fetcher.StockFetcher/<GetHistory>d__0::MoveNext()
FNDA:302,System.Void Data.Fetcher.StockFetcher/<GetHistory>d__0::MoveNext()
DA:10,302
DA:11,302
DA:12,3
DA:13,3
DA:15,299
DA:16,2
DA:17,2
DA:19,297
DA:20,2
DA:21,2
DA:23,295
DA:24,295
DA:25,295
DA:26,295
DA:27,295
DA:29,295
DA:30,291
DA:34,291
DA:35,291
DA:36,290
DA:37,290
DA:38,1
DA:39,1
DA:40,1
DA:41,1
DA:42,1
DA:43,1
DA:44,1
DA:46,290
DA:47,0
DA:48,0
DA:49,0
DA:50,0
DA:51,0
DA:52,0
DA:53,290
DA:54,94
DA:55,94
DA:56,94
DA:57,94
DA:58,94
DA:59,94
DA:60,290
DA:61,294
DA:62,290
DA:63,290
DA:64,290
DA:65,290
DA:66,291
BRDA:11,112,0,301
BRDA:11,120,0,300
BRDA:11,128,0,299
BRDA:11,112,1,3
BRDA:11,120,1,3
BRDA:11,128,1,3
BRDA:11,144,0,3
BRDA:11,144,1,299
BRDA:15,179,0,2
BRDA:15,179,1,297
BRDA:19,230,0,2
BRDA:19,230,1,295
BRDA:29,353,0,291
BRDA:46,922,0,0
BRDA:46,922,1,290
BRDA:53,1379,0,94
BRDA:53,1379,1,290
BRDA:29,353,1,294
FN:68,System.Void Data.Fetcher.StockFetcher/<GetProfile>d__1::MoveNext()
FNDA:248,System.Void Data.Fetcher.StockFetcher/<GetProfile>d__1::MoveNext()
DA:69,248
DA:70,248
DA:71,2
DA:72,2
DA:75,246
DA:77,246
DA:78,246
DA:79,237
DA:80,237
DA:82,9
DA:83,9
DA:85,9
DA:86,9
DA:87,0
DA:88,0
DA:89,0
DA:91,237
BRDA:70,32,0,247
BRDA:70,32,1,1
BRDA:70,48,0,2
BRDA:70,48,1,246
FN:93,System.Void Data.Fetcher.StockFetcher/<Search>d__2::MoveNext()
FNDA:6,System.Void Data.Fetcher.StockFetcher/<Search>d__2::MoveNext()
DA:94,6
DA:95,6
DA:96,2
DA:97,2
DA:99,4
DA:100,4
BRDA:95,21,0,5
BRDA:95,21,1,1
BRDA:95,44,0,2
BRDA:95,44,1,4
LF:179
LH:123
BRF:38
BRH:37
FNF:7
FNH:6
end_of_record
SF:/mnt/c/Users/frede/Documents/bachelor_project/The-Project-Backend/BackendService/Data/Fetcher/YahooFinanceFetcher/CurrencyFetcher.cs
FN:11,System.Void Data.Fetcher.YahooFinanceFetcher.CurrencyFetcher/<GetHistory>d__0::MoveNext()
FNDA:39,System.Void Data.Fetcher.YahooFinanceFetcher.CurrencyFetcher/<GetHistory>d__0::MoveNext()
DA:12,39
DA:13,39
DA:14,39
DA:16,39
DA:17,39
DA:18,39
DA:19,1
DA:20,1
DA:21,1
DA:22,1
DA:23,39
DA:24,39
DA:25,39
DA:26,39
DA:28,39
DA:29,39
DA:30,1
DA:31,1
DA:33,38
DA:35,38
DA:36,1
DA:37,1
DA:38,524
DA:39,261
DA:41,261
DA:42,261
DA:43,261
DA:44,0
DA:45,0
DA:46,0
DA:47,0
DA:48,0
DA:49,0
DA:50,0
DA:51,0
DA:53,261
DA:54,261
DA:55,261
DA:56,261
DA:57,261
DA:58,261
DA:59,261
DA:60,261
DA:61,261
DA:62,0
DA:63,0
DA:64,0
DA:65,0
DA:67,261
DA:68,1
DA:70,37
DA:71,37
DA:72,17068
DA:73,8497
DA:75,8497
DA:76,8497
DA:77,8497
DA:78,0
DA:79,0
DA:80,0
DA:81,0
DA:83,8497
DA:84,8497
DA:85,8497
DA:86,8497
DA:87,0
DA:88,0
DA:89,0
DA:90,0
DA:93,8497
DA:94,37
DA:96,38
DA:97,39
BRDA:18,104,0,1
BRDA:18,104,1,39
BRDA:29,538,0,1
BRDA:29,538,1,38
BRDA:35,592,0,1
BRDA:38,1349,1,261
BRDA:43,697,0,0
BRDA:43,697,1,261
BRDA:38,1349,0,1
BRDA:35,592,1,37
BRDA:72,1814,1,8497
BRDA:77,1461,0,0
BRDA:77,1461,1,8497
BRDA:72,1814,0,37
LF:73
LH:53
BRF:14
BRH:12
FNF:1
FNH:1
end_of_record
SF:/mnt/c/Users/frede/Documents/bachelor_project/The-Project-Backend/BackendService/Data/Fetcher/YahooFinanceFetcher/StockFetcher.cs
FN:221,System.Void Data.Fetcher.YahooFinanceFetcher.StockFetcher/<GetDividends>d__3::MoveNext()
FNDA:98,System.Void Data.Fetcher.YahooFinanceFetcher.StockFetcher/<GetDividends>d__3::MoveNext()
DA:222,98
DA:223,98
DA:224,98
DA:226,98
DA:227,98
DA:228,98
DA:229,98
DA:232,98
DA:233,0
DA:234,0
DA:236,98
DA:238,98
DA:239,98
DA:240,98
DA:242,98
DA:243,98
DA:244,98
DA:245,98
DA:246,98
DA:247,1
DA:248,1
DA:250,97
DA:251,97
DA:252,97
DA:253,95
DA:254,95
DA:256,2
DA:257,2
DA:258,2
DA:259,32
DA:260,13
DA:262,13
DA:263,13
DA:264,13
DA:265,13
DA:266,13
DA:267,13
DA:268,13
DA:269,13
DA:270,13
DA:271,13
DA:272,13
DA:273,13
DA:274,0
DA:275,0
DA:276,0
DA:277,0
DA:280,13
DA:281,2
DA:282,2
DA:283,97
BRDA:232,152,0,0
BRDA:232,152,1,98
BRDA:246,460,0,1
BRDA:246,460,1,97
BRDA:252,699,0,95
BRDA:252,699,1,2
BRDA:259,1051,1,13
BRDA:265,862,0,13
BRDA:265,881,0,13
BRDA:265,862,1,0
BRDA:265,881,1,0
BRDA:265,908,0,13
BRDA:265,908,1,13
BRDA:259,1051,0,2
FN:9,System.Void Data.Fetcher.YahooFinanceFetcher.StockFetcher/<GetHistory>d__0::MoveNext()
FNDA:183,System.Void Data.Fetcher.YahooFinanceFetcher.StockFetcher/<GetHistory>d__0::MoveNext()
DA:10,183
DA:11,183
DA:13,183
DA:14,183
DA:15,183
DA:16,183
DA:19,183
DA:20,1
DA:21,1
DA:23,182
DA:25,182
DA:26,182
DA:27,182
DA:29,182
DA:30,182
DA:31,182
DA:32,182
DA:34,182
DA:35,95
DA:36,95
DA:39,87
DA:40,87
DA:41,87
DA:42,1
DA:43,1
DA:45,86
DA:46,86
DA:47,86
DA:48,86
DA:50,44078
DA:51,21910
DA:52,21910
DA:53,21910
DA:54,21910
DA:55,21652
DA:57,21652
DA:58,21652
DA:59,21652
DA:60,21652
DA:61,21652
DA:62,21652
DA:63,21652
DA:64,21652
DA:65,21652
DA:66,21652
DA:67,0
DA:68,0
DA:69,0
DA:70,0
DA:73,21652
DA:74,21910
DA:75,86
DA:76,43562
DA:77,21652
DA:79,21652
DA:80,21652
DA:81,3
DA:82,3
DA:83,0
DA:84,0
DA:85,0
DA:88,3
DA:89,3
DA:90,0
DA:91,0
DA:92,0
DA:93,0
DA:94,0
DA:95,0
DA:96,3
DA:97,3
DA:98,3
DA:99,3
DA:100,3
DA:101,3
DA:102,3
DA:103,3
DA:104,3
DA:105,3
DA:106,3
DA:107,3
DA:108,21652
DA:109,0
DA:110,0
DA:111,0
DA:112,0
DA:114,21652
DA:115,86
DA:116,182
BRDA:19,229,0,1
BRDA:19,229,1,182
BRDA:34,587,0,95
BRDA:34,587,1,87
BRDA:41,808,0,1
BRDA:41,808,1,86
BRDA:50,1296,1,21910
BRDA:54,1026,0,21910
BRDA:54,1045,0,21910
BRDA:54,1026,1,0
BRDA:54,1045,1,0
BRDA:54,1072,0,21652
BRDA:54,1072,1,21910
BRDA:50,1296,0,86
BRDA:76,2228,1,21652
BRDA:80,1536,0,3
BRDA:82,1565,0,0
BRDA:82,1565,1,3
BRDA:89,1633,0,0
BRDA:89,1633,1,3
BRDA:96,1881,0,3
BRDA:96,1881,1,3
BRDA:80,1536,1,21652
BRDA:76,2228,0,86
FN:118,System.Void Data.Fetcher.YahooFinanceFetcher.StockFetcher/<GetProfile>d__1::MoveNext()
FNDA:9,System.Void Data.Fetcher.YahooFinanceFetcher.StockFetcher/<GetProfile>d__1::MoveNext()
DA:119,9
DA:120,9
DA:122,4
DA:123,4
DA:125,4
DA:126,4
DA:127,4
DA:128,4
DA:129,0
DA:130,0
DA:134,4
DA:135,4
DA:136,4
DA:137,4
DA:138,4
DA:139,0
DA:140,0
DA:144,4
DA:145,4
DA:147,4
DA:148,4
DA:149,4
DA:150,4
DA:151,4
DA:152,0
DA:153,4
DA:154,4
DA:155,4
DA:156,4
DA:158,0
DA:159,0
DA:160,0
DA:161,0
DA:162,0
DA:163,0
DA:164,0
DA:165,0
DA:166,0
DA:167,0
DA:168,0
DA:169,0
DA:170,0
DA:171,0
DA:173,0
DA:174,0
BRDA:128,398,1,1
BRDA:128,398,0,4
BRDA:128,466,1,1
BRDA:128,466,0,4
BRDA:128,544,1,1
BRDA:128,544,0,4
BRDA:128,640,0,0
BRDA:128,640,1,4
BRDA:137,1006,1,1
BRDA:137,1006,0,4
BRDA:138,1115,1,1
BRDA:138,1115,0,4
BRDA:138,1183,1,1
BRDA:138,1183,0,4
BRDA:138,1261,1,1
BRDA:138,1261,0,4
BRDA:138,1357,0,0
BRDA:138,1357,1,4
BRDA:148,1472,1,1
BRDA:148,1472,0,4
BRDA:148,1532,1,1
BRDA:148,1532,0,4
BRDA:148,1603,1,1
BRDA:148,1603,0,4
BRDA:148,1679,1,1
BRDA:148,1679,0,4
BRDA:148,1751,1,1
BRDA:148,1751,0,4
BRDA:148,1845,0,0
BRDA:148,1856,1,0
BRDA:148,1856,0,0
BRDA:148,1927,1,0
BRDA:148,1927,0,0
BRDA:148,2003,1,0
BRDA:148,2003,0,0
BRDA:148,2075,1,0
BRDA:148,2075,0,0
BRDA:148,2169,0,0
BRDA:148,2180,1,0
BRDA:148,2180,0,0
BRDA:148,2251,1,0
BRDA:148,2251,0,0
BRDA:148,2327,1,0
BRDA:148,2327,0,0
BRDA:148,2399,1,0
BRDA:148,2399,0,0
BRDA:148,2493,0,0
BRDA:148,1845,1,0
BRDA:148,2169,1,0
BRDA:148,2493,1,0
BRDA:158,2624,1,0
BRDA:158,2624,0,0
BRDA:158,2684,1,0
BRDA:158,2684,0,0
BRDA:158,2755,1,0
BRDA:158,2755,0,0
BRDA:158,2831,1,0
BRDA:158,2831,0,0
BRDA:158,2903,1,0
BRDA:158,2903,0,0
BRDA:158,2997,0,0
BRDA:158,2997,1,0
BRDA:159,3027,1,0
BRDA:159,3027,0,0
BRDA:159,3087,1,0
BRDA:159,3087,0,0
BRDA:159,3158,1,0
BRDA:159,3158,0,0
BRDA:159,3234,1,0
BRDA:159,3234,0,0
BRDA:159,3306,1,0
BRDA:159,3306,0,0
BRDA:159,3400,0,0
BRDA:159,3400,1,0
BRDA:160,3430,1,0
BRDA:160,3430,0,0
BRDA:160,3495,0,0
BRDA:160,3495,1,0
BRDA:160,3508,1,0
BRDA:160,3508,0,0
BRDA:160,3585,0,0
BRDA:160,3585,1,0
BRDA:160,3598,1,0
BRDA:160,3598,0,0
BRDA:160,3675,0,0
BRDA:160,3675,1,0
BRDA:160,3688,1,0
BRDA:160,3688,0,0
BRDA:160,3771,0,0
BRDA:160,3771,1,0
BRDA:160,3781,1,0
BRDA:160,3781,0,0
BRDA:160,3855,0,0
BRDA:160,3855,1,0
BRDA:161,3886,1,0
BRDA:161,3886,0,0
BRDA:161,3951,0,0
BRDA:161,3951,1,0
BRDA:161,3964,1,0
BRDA:161,3964,0,0
BRDA:161,4041,0,0
BRDA:161,4041,1,0
BRDA:161,4054,1,0
BRDA:161,4054,0,0
BRDA:161,4131,0,0
BRDA:161,4131,1,0
BRDA:161,4144,1,0
BRDA:161,4144,0,0
BRDA:161,4227,0,0
BRDA:161,4227,1,0
BRDA:161,4237,1,0
BRDA:161,4237,0,0
BRDA:161,4311,0,0
BRDA:161,4311,1,0
BRDA:162,4341,1,0
BRDA:162,4341,0,0
BRDA:162,4401,1,0
BRDA:162,4401,0,0
BRDA:162,4472,1,0
BRDA:162,4472,0,0
BRDA:162,4558,0,0
BRDA:162,4558,1,0
BRDA:162,4571,1,0
BRDA:162,4571,0,0
BRDA:162,4642,1,0
BRDA:162,4642,0,0
BRDA:162,4713,1,0
BRDA:162,4713,0,0
BRDA:162,4803,0,0
BRDA:162,4803,1,0
BRDA:163,4833,1,0
BRDA:163,4833,0,0
BRDA:163,4898,0,0
BRDA:163,4898,1,0
BRDA:163,4911,1,0
BRDA:163,4911,0,0
BRDA:163,4988,0,0
BRDA:163,4988,1,0
BRDA:163,5001,1,0
BRDA:163,5001,0,0
BRDA:163,5078,0,0
BRDA:163,5078,1,0
BRDA:163,5091,1,0
BRDA:163,5091,0,0
BRDA:163,5174,0,0
BRDA:163,5174,1,0
BRDA:163,5187,1,0
BRDA:163,5187,0,0
BRDA:163,5264,0,0
BRDA:163,5264,1,0
BRDA:163,5274,1,0
BRDA:163,5274,0,0
BRDA:163,5348,0,0
BRDA:163,5348,1,0
BRDA:164,5378,1,0
BRDA:164,5378,0,0
BRDA:164,5443,0,0
BRDA:164,5443,1,0
BRDA:164,5456,1,0
BRDA:164,5456,0,0
BRDA:164,5533,0,0
BRDA:164,5533,1,0
BRDA:164,5546,1,0
BRDA:164,5546,0,0
BRDA:164,5623,0,0
BRDA:164,5623,1,0
BRDA:164,5636,1,0
BRDA:164,5636,0,0
BRDA:164,5719,0,0
BRDA:164,5719,1,0
BRDA:164,5732,1,0
BRDA:164,5732,0,0
BRDA:164,5809,0,0
BRDA:164,5809,1,0
BRDA:164,5819,1,0
BRDA:164,5819,0,0
BRDA:164,5893,0,0
BRDA:164,5893,1,0
BRDA:165,5923,1,0
BRDA:165,5923,0,0
BRDA:165,5988,0,0
BRDA:165,5988,1,0
BRDA:165,6001,1,0
BRDA:165,6001,0,0
BRDA:165,6078,0,0
BRDA:165,6078,1,0
BRDA:165,6091,1,0
BRDA:165,6091,0,0
BRDA:165,6168,0,0
BRDA:165,6168,1,0
BRDA:165,6181,1,0
BRDA:165,6181,0,0
BRDA:165,6264,0,0
BRDA:165,6264,1,0
BRDA:165,6277,1,0
BRDA:165,6277,0,0
BRDA:165,6354,0,0
BRDA:165,6354,1,0
BRDA:165,6364,1,0
BRDA:165,6364,0,0
BRDA:165,6438,0,0
BRDA:165,6438,1,0
BRDA:166,6468,1,0
BRDA:166,6468,0,0
BRDA:166,6533,0,0
BRDA:166,6533,1,0
BRDA:166,6546,1,0
BRDA:166,6546,0,0
BRDA:166,6623,0,0
BRDA:166,6623,1,0
BRDA:166,6636,1,0
BRDA:166,6636,0,0
BRDA:166,6713,0,0
BRDA:166,6713,1,0
BRDA:166,6726,1,0
BRDA:166,6726,0,0
BRDA:166,6809,0,0
BRDA:166,6809,1,0
BRDA:166,6822,1,0
BRDA:166,6822,0,0
BRDA:166,6899,0,0
BRDA:166,6899,1,0
BRDA:166,6909,1,0
BRDA:166,6909,0,0
BRDA:166,6983,0,0
BRDA:166,6983,1,0
BRDA:167,7013,1,0
BRDA:167,7013,0,0
BRDA:167,7078,0,0
BRDA:167,7078,1,0
BRDA:167,7091,1,0
BRDA:167,7091,0,0
BRDA:167,7168,0,0
BRDA:167,7168,1,0
BRDA:167,7181,1,0
BRDA:167,7181,0,0
BRDA:167,7258,0,0
BRDA:167,7258,1,0
BRDA:167,7271,1,0
BRDA:167,7271,0,0
BRDA:167,7354,0,0
BRDA:167,7354,1,0
BRDA:167,7367,1,0
BRDA:167,7367,0,0
BRDA:167,7444,0,0
BRDA:167,7444,1,0
BRDA:167,7454,1,0
BRDA:167,7454,0,0
BRDA:167,7528,0,0
BRDA:167,7528,1,0
BRDA:168,7558,1,0
BRDA:168,7558,0,0
BRDA:168,7623,0,0
BRDA:168,7623,1,0
BRDA:168,7636,1,0
BRDA:168,7636,0,0
BRDA:168,7713,0,0
BRDA:168,7713,1,0
BRDA:168,7726,1,0
BRDA:168,7726,0,0
BRDA:168,7803,0,0
BRDA:168,7803,1,0
BRDA:168,7816,1,0
BRDA:168,7816,0,0
BRDA:168,7899,0,0
BRDA:168,7899,1,0
BRDA:168,7912,1,0
BRDA:168,7912,0,0
BRDA:168,7989,0,0
BRDA:168,7989,1,0
BRDA:168,7999,1,0
BRDA:168,7999,0,0
BRDA:168,8073,0,0
BRDA:168,8073,1,0
BRDA:169,8103,1,0
BRDA:169,8103,0,0
BRDA:169,8168,0,0
BRDA:169,8168,1,0
BRDA:169,8181,1,0
BRDA:169,8181,0,0
BRDA:169,8258,0,0
BRDA:169,8258,1,0
BRDA:169,8271,1,0
BRDA:169,8271,0,0
BRDA:169,8348,0,0
BRDA:169,8348,1,0
BRDA:169,8361,1,0
BRDA:169,8361,0,0
BRDA:169,8444,0,0
BRDA:169,8444,1,0
BRDA:169,8457,1,0
BRDA:169,8457,0,0
BRDA:169,8534,0,0
BRDA:169,8534,1,0
BRDA:169,8544,1,0
BRDA:169,8544,0,0
BRDA:169,8618,0,0
BRDA:169,8618,1,0
BRDA:170,8648,1,0
BRDA:170,8648,0,0
BRDA:170,8713,0,0
BRDA:170,8713,1,0
BRDA:170,8726,1,0
BRDA:170,8726,0,0
BRDA:170,8803,0,0
BRDA:170,8803,1,0
BRDA:170,8816,1,0
BRDA:170,8816,0,0
BRDA:170,8892,1,0
BRDA:170,8892,0,0
BRDA:170,8976,0,0
BRDA:170,8976,1,0
BRDA:170,8986,1,0
BRDA:170,8986,0,0
BRDA:170,9060,0,0
BRDA:170,9060,1,0
BRDA:171,9091,1,0
BRDA:171,9091,0,0
BRDA:171,9156,0,0
BRDA:171,9156,1,0
BRDA:171,9169,1,0
BRDA:171,9169,0,0
BRDA:171,9246,0,0
BRDA:171,9246,1,0
BRDA:171,9259,1,0
BRDA:171,9259,0,0
BRDA:171,9335,1,0
BRDA:171,9335,0,0
BRDA:171,9419,0,0
BRDA:171,9419,1,0
BRDA:171,9429,1,0
BRDA:171,9429,0,0
BRDA:171,9503,0,0
BRDA:171,9503,1,0
FN:176,System.Void Data.Fetcher.YahooFinanceFetcher.StockFetcher/<Search>d__2::MoveNext()
FNDA:0,System.Void Data.Fetcher.YahooFinanceFetcher.StockFetcher/<Search>d__2::MoveNext()
DA:177,0
DA:178,0
DA:179,0
DA:180,0
DA:181,0
DA:183,0
DA:185,0
DA:187,0
DA:188,0
DA:189,0
DA:190,0
DA:191,0
DA:192,0
DA:193,0
DA:194,0
DA:196,0
DA:197,0
DA:198,0
DA:199,0
DA:200,0
DA:201,0
DA:202,0
DA:204,0
DA:206,0
DA:207,0
DA:208,0
DA:209,0
DA:210,0
DA:211,0
DA:212,0
DA:213,0
DA:215,0
DA:216,0
DA:217,0
DA:218,0
DA:219,0
BRDA:183,348,1,0
BRDA:183,348,0,0
BRDA:183,408,1,0
BRDA:183,408,0,0
BRDA:183,479,1,0
BRDA:183,479,0,0
BRDA:187,3211,1,0
BRDA:189,641,1,0
BRDA:189,641,0,0
BRDA:189,719,1,0
BRDA:189,719,0,0
BRDA:189,813,1,0
BRDA:189,813,0,0
BRDA:189,883,0,0
BRDA:189,893,1,0
BRDA:189,893,0,0
BRDA:189,961,1,0
BRDA:189,961,0,0
BRDA:189,1041,1,0
BRDA:189,1041,0,0
BRDA:189,1119,1,0
BRDA:189,1119,0,0
BRDA:189,883,1,0
BRDA:189,1223,0,0
BRDA:192,1245,1,0
BRDA:192,1245,0,0
BRDA:192,1313,1,0
BRDA:192,1313,0,0
BRDA:192,1411,1,0
BRDA:192,1411,0,0
BRDA:192,1493,1,0
BRDA:192,1493,0,0
BRDA:192,1595,0,0
BRDA:194,1607,1,0
BRDA:194,1607,0,0
BRDA:194,1667,1,0
BRDA:194,1667,0,0
BRDA:194,1743,1,0
BRDA:194,1743,0,0
BRDA:194,1825,1,0
BRDA:194,1825,0,0
BRDA:194,1907,1,0
BRDA:194,1907,0,0
BRDA:192,1595,1,0
BRDA:210,2294,1,0
BRDA:210,2294,0,0
BRDA:210,2406,1,0
BRDA:210,2406,0,0
BRDA:210,2488,1,0
BRDA:210,2488,0,0
BRDA:211,2581,1,0
BRDA:211,2581,0,0
BRDA:211,2693,1,0
BRDA:211,2693,0,0
BRDA:211,2775,1,0
BRDA:211,2775,0,0
BRDA:212,2868,1,0
BRDA:212,2868,0,0
BRDA:212,2980,1,0
BRDA:212,2980,0,0
BRDA:212,3062,1,0
BRDA:212,3062,0,0
BRDA:189,1223,1,0
BRDA:187,3211,0,0
LF:221
LH:141
BRF:436
BRH:57
FNF:4
FNH:3
end_of_record
SF:/mnt/c/Users/frede/Documents/bachelor_project/The-Project-Backend/BackendService/Data/Fetcher/YahooFinanceFetcher/YfTranslator.cs
FN:74,System.String Data.Fetcher.YahooFinanceFetcher.YfTranslator::GetYfSymbol(System.String,System.String)
FNDA:289,System.String Data.Fetcher.YahooFinanceFetcher.YfTranslator::GetYfSymbol(System.String,System.String)
DA:75,289
DA:77,289
DA:79,289
DA:80,289
DA:82,5
DA:83,5
DA:84,5
DA:85,5
DA:88,284
FN:3,System.Void Data.Fetcher.YahooFinanceFetcher.YfTranslator::.cctor()
FNDA:1,System.Void Data.Fetcher.YahooFinanceFetcher.YfTranslator::.cctor()
DA:4,1
DA:5,1
DA:6,1
DA:7,1
DA:8,1
DA:9,1
DA:10,1
DA:11,1
DA:12,1
DA:13,1
DA:14,1
DA:15,1
DA:16,1
DA:17,1
DA:18,1
DA:19,1
DA:20,1
DA:21,1
DA:22,1
DA:23,1
DA:24,1
DA:25,1
DA:26,1
DA:27,1
DA:28,1
DA:29,1
DA:30,1
DA:31,1
DA:32,1
DA:33,1
DA:34,1
DA:35,1
DA:36,1
DA:37,1
DA:38,1
DA:39,1
DA:40,1
DA:41,1
DA:42,1
DA:43,1
DA:44,1
DA:45,1
DA:46,1
DA:47,1
DA:48,1
DA:49,1
DA:50,1
DA:51,1
DA:52,1
DA:53,1
DA:54,1
DA:55,1
DA:56,1
DA:57,1
DA:58,1
DA:59,1
DA:60,1
DA:61,1
DA:62,1
DA:63,1
DA:64,1
DA:65,1
DA:66,1
DA:67,1
DA:68,1
DA:69,1
DA:70,1
DA:71,1
DA:72,1
LF:78
LH:78
BRF:0
BRH:0
FNF:2
FNH:2
end_of_record
SF:/mnt/c/Users/frede/Documents/bachelor_project/The-Project-Backend/BackendService/Data/Fetcher/DatabaseFetcher/CurrencyFetcher.cs
FN:11,System.Threading.Tasks.Task`1<Data.CurrencyHistory> Data.Fetcher.DatabaseFetcher.CurrencyFetcher::GetHistory(System.String,System.DateOnly,System.DateOnly)
FNDA:596,System.Threading.Tasks.Task`1<Data.CurrencyHistory> Data.Fetcher.DatabaseFetcher.CurrencyFetcher::GetHistory(System.String,System.DateOnly,System.DateOnly)
DA:12,596
DA:13,596
DA:14,596
DA:15,596
DA:16,596
DA:17,596
DA:18,596
DA:19,596
DA:20,596
DA:22,596
DA:23,596
DA:24,0
DA:26,322960
DA:27,160586
DA:29,160586
DA:30,160586
DA:31,160586
DA:32,160586
DA:33,160586
DA:34,160586
DA:35,160586
DA:36,160586
DA:37,160586
DA:38,0
DA:39,0
DA:40,0
DA:41,0
DA:44,160586
DA:45,596
DA:46,596
DA:47,596
DA:48,596
BRDA:23,121,0,0
BRDA:23,121,1,596
BRDA:26,393,1,160586
BRDA:30,212,0,0
BRDA:30,212,1,160586
BRDA:30,253,0,0
BRDA:30,253,1,160586
BRDA:30,294,0,0
BRDA:30,294,1,160586
BRDA:30,335,0,0
BRDA:30,335,1,160586
BRDA:26,393,0,596
LF:32
LH:27
BRF:12
BRH:7
FNF:1
FNH:1
end_of_record
SF:/mnt/c/Users/frede/Documents/bachelor_project/The-Project-Backend/BackendService/Data/Fetcher/DatabaseFetcher/StockFetcher.cs
FN:9,System.Threading.Tasks.Task`1<Data.StockHistory> Data.Fetcher.DatabaseFetcher.StockFetcher::GetHistory(System.String,System.String,System.DateOnly,System.DateOnly,System.String,System.String)
FNDA:356,System.Threading.Tasks.Task`1<Data.StockHistory> Data.Fetcher.DatabaseFetcher.StockFetcher::GetHistory(System.String,System.String,System.DateOnly,System.DateOnly,System.String,System.String)
DA:10,356
DA:11,356
DA:12,1
DA:13,1
DA:15,355
DA:16,4
DA:17,4
DA:19,351
DA:20,1
DA:21,1
DA:23,350
DA:24,350
DA:26,350
DA:27,350
DA:28,350
DA:29,350
DA:30,350
DA:31,350
DA:32,350
DA:33,350
DA:34,6
DA:35,6
DA:38,104570
DA:39,51769
DA:41,51769
DA:42,51769
DA:43,51769
DA:44,51769
DA:45,51769
DA:46,51769
DA:47,51769
DA:48,51769
DA:49,51769
DA:50,0
DA:51,0
DA:52,0
DA:53,0
DA:55,51769
DA:56,344
DA:57,344
DA:58,344
DA:59,344
BRDA:11,13,0,1
BRDA:11,13,1,355
BRDA:15,33,0,354
BRDA:15,36,0,353
BRDA:15,40,0,352
BRDA:15,33,1,3
BRDA:15,36,1,3
BRDA:15,40,1,3
BRDA:15,54,0,4
BRDA:15,54,1,351
BRDA:19,87,0,1
BRDA:19,87,1,350
BRDA:33,319,0,6
BRDA:33,319,1,344
BRDA:38,628,1,51769
BRDA:42,447,0,0
BRDA:42,447,1,51769
BRDA:42,488,0,0
BRDA:42,488,1,51769
BRDA:42,529,0,0
BRDA:42,529,1,51769
BRDA:42,570,0,0
BRDA:42,570,1,51769
BRDA:38,628,0,344
FN:61,System.Threading.Tasks.Task`1<Data.StockProfile> Data.Fetcher.DatabaseFetcher.StockFetcher::GetProfile(System.String,System.String)
FNDA:300,System.Threading.Tasks.Task`1<Data.StockProfile> Data.Fetcher.DatabaseFetcher.StockFetcher::GetProfile(System.String,System.String)
DA:62,300
DA:63,300
DA:64,300
DA:65,300
DA:67,300
DA:68,300
DA:69,300
DA:70,300
DA:71,300
DA:73,300
DA:74,291
DA:75,291
DA:76,291
DA:77,291
DA:78,291
DA:79,291
DA:80,291
DA:81,291
DA:82,291
DA:83,291
DA:84,291
DA:85,291
DA:86,291
DA:87,291
DA:89,291
DA:92,9
DA:93,9
DA:95,291
BRDA:73,77,0,291
BRDA:83,291,0,0
BRDA:83,291,1,291
BRDA:73,77,1,9
FN:97,System.Threading.Tasks.Task`1<Data.StockProfile[]> Data.Fetcher.DatabaseFetcher.StockFetcher::Search(System.String)
FNDA:8,System.Threading.Tasks.Task`1<Data.StockProfile[]> Data.Fetcher.DatabaseFetcher.StockFetcher::Search(System.String)
DA:98,8
DA:99,8
DA:100,1
DA:101,1
DA:103,7
DA:104,7
DA:105,7
DA:106,7
DA:107,16
DA:108,1
DA:109,1
DA:110,1
DA:112,7
DA:113,7
DA:114,7
DA:115,7
DA:117,59
DA:118,19
DA:119,19
DA:120,19
DA:121,7
DA:122,7
BRDA:99,9,0,1
BRDA:99,9,1,7
BRDA:107,130,1,1
BRDA:107,130,0,7
BRDA:117,338,1,19
BRDA:117,338,0,7
FN:124,System.Threading.Tasks.Task`1<System.Collections.Generic.List`1<Data.Dividend>> Data.Fetcher.DatabaseFetcher.StockFetcher::GetDividends(System.String,System.String,System.DateOnly,System.DateOnly)
FNDA:292,System.Threading.Tasks.Task`1<System.Collections.Generic.List`1<Data.Dividend>> Data.Fetcher.DatabaseFetcher.StockFetcher::GetDividends(System.String,System.String,System.DateOnly,System.DateOnly)
DA:125,292
DA:126,292
DA:127,292
DA:128,292
DA:129,292
DA:130,292
DA:131,292
DA:132,292
DA:133,292
DA:134,292
DA:135,1994
DA:136,559
DA:138,559
DA:139,559
DA:140,559
DA:141,559
DA:142,559
DA:143,559
DA:144,0
DA:145,0
DA:146,0
DA:147,0
DA:150,559
DA:151,292
DA:152,292
BRDA:135,300,1,559
BRDA:139,242,0,0
BRDA:139,242,1,559
BRDA:135,300,0,292
LF:117
LH:109
BRF:38
BRH:32
FNF:4
FNH:4
end_of_record
SF:/mnt/c/Users/frede/Documents/bachelor_project/The-Project-Backend/BackendService/Data/Database/Connection.cs
FN:9,System.Data.SqlClient.SqlConnection Data.Database.Connection::GetSqlConnection()
FNDA:8156,System.Data.SqlClient.SqlConnection Data.Database.Connection::GetSqlConnection()
DA:10,8156
DA:12,8156
DA:13,1
DA:14,1
DA:15,1
DA:16,8156
DA:17,8156
BRDA:12,11,0,1
BRDA:12,11,1,8156
FN:18,System.Data.SqlClient.SqlConnection Data.Database.Connection::Create()
FNDA:1,System.Data.SqlClient.SqlConnection Data.Database.Connection::Create()
DA:19,1
DA:20,1
DA:21,1
DA:22,1
DA:23,1
DA:24,1
DA:25,1
FN:27,System.Data.SqlClient.SqlConnectionStringBuilder Data.Database.Connection::buildConnectionString()
FNDA:1,System.Data.SqlClient.SqlConnectionStringBuilder Data.Database.Connection::buildConnectionString()
DA:28,1
DA:29,1
DA:30,1
DA:31,1
DA:32,1
DA:33,1
DA:34,1
DA:35,1
LF:22
LH:22
BRF:2
BRH:2
FNF:3
FNH:3
end_of_record
SF:/mnt/c/Users/frede/Documents/bachelor_project/The-Project-Backend/BackendService/Data/Database/Exchange.cs
FN:7,System.String Data.Database.Exchange::GetCurrency(System.String)
FNDA:89,System.String Data.Database.Exchange::GetCurrency(System.String)
DA:8,89
DA:9,89
DA:11,89
DA:12,89
DA:13,89
DA:14,89
DA:15,89
DA:16,88
DA:17,88
DA:18,88
DA:21,1
DA:22,1
DA:24,88
BRDA:15,48,0,88
BRDA:15,48,1,1
LF:13
LH:13
BRF:2
BRH:2
FNF:1
FNH:1
end_of_record
SF:/mnt/c/Users/frede/Documents/bachelor_project/The-Project-Backend/BackendService/Data/Database/Reader.cs
FN:9,System.Collections.Generic.List`1<System.Collections.Generic.Dictionary`2<System.String,System.Object>> Data.Database.Reader::ReadData(System.String,System.Collections.Generic.Dictionary`2<System.String,System.Object>)
[...]
DA:5,110
FN:5,System.Int32 API.v1.PostStockTransactionsResponse::get_id()
FNDA:56,System.Int32 API.v1.PostStockTransactionsResponse::get_id()
DA:6,56
FN:6,System.Void API.v1.PostStockTransactionsResponse::.ctor(System.String,System.Int32)
FNDA:56,System.Void API.v1.PostStockTransactionsResponse::.ctor(System.String,System.Int32)
DA:7,56
DA:8,56
DA:9,56
DA:10,56
DA:11,56
LF:7
LH:7
BRF:0
BRH:0
FNF:3
FNH:3
end_of_record
SF:/mnt/c/Users/frede/Documents/bachelor_project/The-Project-Backend/BackendService/APIv1/Endpoints/StockTransactions/PutStockTransactions.cs
FN:6,System.Void API.v1.PutStockTransactions::Setup(Microsoft.AspNetCore.Builder.WebApplication)
FNDA:2,System.Void API.v1.PutStockTransactions::Setup(Microsoft.AspNetCore.Builder.WebApplication)
DA:7,2
DA:8,2
DA:9,0
DA:10,0
DA:11,0
DA:12,2
DA:13,2
FN:15,System.Void API.v1.PutStockTransactions/<Endpoint>d__1::MoveNext()
FNDA:14,System.Void API.v1.PutStockTransactions/<Endpoint>d__1::MoveNext()
DA:16,14
DA:17,14
DA:18,2
DA:19,2
DA:21,12
DA:22,12
DA:23,11
DA:24,1
DA:25,1
DA:27,10
DA:28,10
DA:29,10
DA:30,10
DA:31,10
DA:32,10
DA:33,10
DA:34,10
DA:35,10
DA:37,10
DA:38,6
DA:39,6
DA:40,6
DA:42,10
DA:43,3
DA:44,3
DA:45,3
DA:46,7
DA:47,2
DA:48,2
DA:49,2
DA:50,5
DA:51,1
DA:52,1
DA:53,1
DA:55,10
DA:56,5
DA:57,5
DA:58,5
DA:60,10
DA:61,10
DA:63,10
DA:65,10
BRDA:17,40,0,13
BRDA:17,40,1,1
BRDA:17,61,0,2
BRDA:17,61,1,12
BRDA:23,151,0,5
BRDA:23,151,1,6
BRDA:23,177,0,1
BRDA:23,177,1,10
BRDA:37,437,0,6
BRDA:37,437,1,10
BRDA:42,485,0,5
BRDA:42,485,1,5
BRDA:42,515,0,3
BRDA:42,515,1,7
BRDA:46,588,0,2
BRDA:46,588,1,5
BRDA:50,663,0,1
BRDA:50,663,1,10
BRDA:55,729,0,5
BRDA:55,729,1,10
LF:49
LH:46
BRF:20
BRH:20
FNF:2
FNH:2
end_of_record
SF:/mnt/c/Users/frede/Documents/bachelor_project/The-Project-Backend/BackendService/APIv1/Endpoints/StockTransactions/PutStockTransactionsBody.cs
FN:13,System.Int32 API.v1.PutStockTransactionsBody::get_id()
FNDA:39,System.Int32 API.v1.PutStockTransactionsBody::get_id()
DA:14,39
FN:14,System.String API.v1.PutStockTransactionsBody::get_portfolio()
FNDA:40,System.String API.v1.PutStockTransactionsBody::get_portfolio()
DA:15,40
FN:15,System.Decimal API.v1.PutStockTransactionsBody::get_newAmount()
FNDA:37,System.Decimal API.v1.PutStockTransactionsBody::get_newAmount()
DA:16,37
FN:16,System.Int32 API.v1.PutStockTransactionsBody::get_newTimestamp()
FNDA:36,System.Int32 API.v1.PutStockTransactionsBody::get_newTimestamp()
DA:17,36
FN:17,System.Decimal API.v1.PutStockTransactionsBody::get_newPrice()
FNDA:45,System.Decimal API.v1.PutStockTransactionsBody::get_newPrice()
DA:18,45
FN:18,System.String API.v1.PutStockTransactionsBody::get_newCurrency()
FNDA:54,System.String API.v1.PutStockTransactionsBody::get_newCurrency()
DA:19,54
FN:4,System.Void API.v1.PutStockTransactionsBody::.ctor(System.Int32,System.String,System.Decimal,System.Int32,System.Decimal,System.String)
FNDA:15,System.Void API.v1.PutStockTransactionsBody::.ctor(System.Int32,System.String,System.Decimal,System.Int32,System.Decimal,System.String)
DA:5,15
DA:6,15
DA:7,15
DA:8,15
DA:9,15
DA:10,15
DA:11,15
DA:12,15
DA:13,15
LF:15
LH:15
BRF:0
BRH:0
FNF:7
FNH:7
end_of_record
SF:/mnt/c/Users/frede/Documents/bachelor_project/The-Project-Backend/BackendService/APIv1/Endpoints/StockTransactions/PutStockTransactionsResponse.cs
FN:7,System.Void API.v1.PutStockTransactionsResponse::.ctor(System.String,System.Int32)
FNDA:10,System.Void API.v1.PutStockTransactionsResponse::.ctor(System.String,System.Int32)
DA:8,10
DA:9,10
DA:10,10
DA:11,10
DA:12,10
LF:5
LH:5
BRF:0
BRH:0
FNF:1
FNH:1
end_of_record
SF:/mnt/c/Users/frede/Documents/bachelor_project/The-Project-Backend/BackendService/APIv1/Endpoints/Tokens/PostTokens.cs
FN:7,System.Void API.v1.PostTokens::Setup(Microsoft.AspNetCore.Builder.WebApplication)
FNDA:2,System.Void API.v1.PostTokens::Setup(Microsoft.AspNetCore.Builder.WebApplication)
DA:8,2
DA:9,2
DA:10,0
DA:11,0
DA:12,2
DA:13,2
FN:15,StockApp.TokenSet API.v1.PostTokens::Endpoint(API.v1.PostTokensBody)
FNDA:9,StockApp.TokenSet API.v1.PostTokens::Endpoint(API.v1.PostTokensBody)
DA:16,9
DA:17,9
DA:18,1
DA:19,1
DA:21,8
DA:22,1
DA:23,1
DA:25,7
DA:26,3
DA:27,3
BRDA:17,19,0,1
BRDA:17,19,1,8
BRDA:21,56,0,1
BRDA:21,56,1,7
LF:16
LH:14
BRF:4
BRH:4
FNF:2
FNH:2
end_of_record
SF:/mnt/c/Users/frede/Documents/bachelor_project/The-Project-Backend/BackendService/APIv1/Endpoints/Tokens/PostTokensBody.cs
FN:10,System.String API.v1.PostTokensBody::get_email()
FNDA:25,System.String API.v1.PostTokensBody::get_email()
DA:11,25
FN:11,System.String API.v1.PostTokensBody::get_password()
FNDA:24,System.String API.v1.PostTokensBody::get_password()
DA:12,24
FN:4,System.Void API.v1.PostTokensBody::.ctor(System.String,System.String)
FNDA:9,System.Void API.v1.PostTokensBody::.ctor(System.String,System.String)
DA:5,9
DA:6,9
DA:7,9
DA:8,9
DA:9,9
LF:7
LH:7
BRF:0
BRH:0
FNF:3
FNH:3
end_of_record
SF:/mnt/c/Users/frede/Documents/bachelor_project/The-Project-Backend/BackendService/APIv1/Endpoints/Tokens/PutTokens.cs
FN:7,System.Void API.v1.PutTokens::Setup(Microsoft.AspNetCore.Builder.WebApplication)
FNDA:2,System.Void API.v1.PutTokens::Setup(Microsoft.AspNetCore.Builder.WebApplication)
DA:8,2
DA:9,2
DA:10,0
DA:11,0
DA:12,0
DA:13,2
DA:14,2
FN:16,API.v1.TokensResponse API.v1.PutTokens::Endpoint(System.String)
FNDA:2,API.v1.TokensResponse API.v1.PutTokens::Endpoint(System.String)
DA:17,2
DA:18,2
DA:19,1
DA:20,1
LF:11
LH:8
BRF:0
BRH:0
FNF:2
FNH:2
end_of_record
SF:/mnt/c/Users/frede/Documents/bachelor_project/The-Project-Backend/BackendService/APIv1/Endpoints/Tokens/TokensResponse.cs
FN:12,System.String API.v1.TokensResponse::get_response()
FNDA:2,System.String API.v1.TokensResponse::get_response()
DA:13,2
FN:13,StockApp.TokenSet API.v1.TokensResponse::get_tokenSet()
FNDA:5,StockApp.TokenSet API.v1.TokensResponse::get_tokenSet()
DA:14,5
FN:6,System.Void API.v1.TokensResponse::.ctor(System.String,StockApp.TokenSet)
FNDA:1,System.Void API.v1.TokensResponse::.ctor(System.String,StockApp.TokenSet)
DA:7,1
DA:8,1
DA:9,1
DA:10,1
DA:11,1
LF:7
LH:7
BRF:0
BRH:0
FNF:3
FNH:3
end_of_record
SF:/mnt/c/Users/frede/Documents/bachelor_project/The-Project-Backend/BackendService/APIv1/Endpoints/Transactions/GetTransactions.cs
FN:7,System.Void API.v1.GetTransactions::Setup(Microsoft.AspNetCore.Builder.WebApplication)
FNDA:2,System.Void API.v1.GetTransactions::Setup(Microsoft.AspNetCore.Builder.WebApplication)
DA:8,2
DA:9,2
DA:10,0
DA:11,0
DA:12,0
DA:13,2
DA:14,2
FN:16,System.Void API.v1.GetTransactions/<Endpoint>d__1::MoveNext()
FNDA:48,System.Void API.v1.GetTransactions/<Endpoint>d__1::MoveNext()
DA:17,48
DA:18,48
DA:19,48
DA:20,47
LF:11
LH:8
BRF:0
BRH:0
FNF:2
FNH:2
end_of_record
SF:/mnt/c/Users/frede/Documents/bachelor_project/The-Project-Backend/BackendService/APIv1/Endpoints/Transactions/GetTransactionsResponse.cs
FN:4,System.String API.v1.GetTransactionsResponse::get_response()
FNDA:78,System.String API.v1.GetTransactionsResponse::get_response()
DA:5,78
FN:5,System.Collections.Generic.List`1<Data.Transaction> API.v1.GetTransactionsResponse::get_transactions()
FNDA:340,System.Collections.Generic.List`1<Data.Transaction> API.v1.GetTransactionsResponse::get_transactions()
DA:6,340
FN:6,System.Void API.v1.GetTransactionsResponse::.ctor(System.String,System.Collections.Generic.List`1<Data.Transaction>)
FNDA:47,System.Void API.v1.GetTransactionsResponse::.ctor(System.String,System.Collections.Generic.List`1<Data.Transaction>)
DA:7,47
DA:8,47
DA:9,47
DA:10,47
DA:11,47
LF:7
LH:7
BRF:0
BRH:0
FNF:3
FNH:3
end_of_record
SF:/mnt/c/Users/frede/Documents/bachelor_project/The-Project-Backend/BackendService/APIv1/Endpoints/Users/DeleteUsers.cs
FN:5,System.Void API.v1.DeleteUsers::Setup(Microsoft.AspNetCore.Builder.WebApplication)
FNDA:2,System.Void API.v1.DeleteUsers::Setup(Microsoft.AspNetCore.Builder.WebApplication)
DA:6,2
DA:7,2
DA:8,0
DA:9,0
DA:10,0
DA:11,2
DA:12,2
FN:14,API.v1.DeleteUsersResponse API.v1.DeleteUsers::Endpoint(System.String)
FNDA:3,API.v1.DeleteUsersResponse API.v1.DeleteUsers::Endpoint(System.String)
DA:15,3
DA:16,3
DA:17,1
DA:18,1
DA:19,1
LF:12
LH:9
BRF:0
BRH:0
FNF:2
FNH:2
end_of_record
SF:/mnt/c/Users/frede/Documents/bachelor_project/The-Project-Backend/BackendService/APIv1/Endpoints/Users/DeleteUsersResponse.cs
FN:4,System.String API.v1.DeleteUsersResponse::get_response()
FNDA:3,System.String API.v1.DeleteUsersResponse::get_response()
DA:5,3
FN:6,System.Void API.v1.DeleteUsersResponse::.ctor(System.String)
FNDA:1,System.Void API.v1.DeleteUsersResponse::.ctor(System.String)
DA:7,1
DA:8,1
DA:9,1
DA:10,1
LF:5
LH:5
BRF:0
BRH:0
FNF:2
FNH:2
end_of_record
SF:/mnt/c/Users/frede/Documents/bachelor_project/The-Project-Backend/BackendService/APIv1/Endpoints/Users/PostUsers.cs
FN:7,System.Void API.v1.PostUsers::Setup(Microsoft.AspNetCore.Builder.WebApplication)
FNDA:2,System.Void API.v1.PostUsers::Setup(Microsoft.AspNetCore.Builder.WebApplication)
DA:8,2
DA:9,2
DA:10,0
DA:11,0
DA:12,2
DA:13,2
FN:15,API.v1.PostUsersResponse API.v1.PostUsers::Endpoint(API.v1.PostUsersBody)
FNDA:4,API.v1.PostUsersResponse API.v1.PostUsers::Endpoint(API.v1.PostUsersBody)
DA:16,4
DA:17,4
DA:18,1
DA:19,1
DA:21,3
DA:22,2
DA:24,2
BRDA:17,17,0,1
BRDA:17,17,1,3
LF:13
LH:11
BRF:2
BRH:2
FNF:2
FNH:2
end_of_record
SF:/mnt/c/Users/frede/Documents/bachelor_project/The-Project-Backend/BackendService/APIv1/Endpoints/Users/PostUsersBody.cs
FN:10,System.String API.v1.PostUsersBody::get_email()
FNDA:10,System.String API.v1.PostUsersBody::get_email()
DA:11,10
FN:11,System.String API.v1.PostUsersBody::get_password()
FNDA:6,System.String API.v1.PostUsersBody::get_password()
DA:12,6
FN:4,System.Void API.v1.PostUsersBody::.ctor(System.String,System.String)
FNDA:3,System.Void API.v1.PostUsersBody::.ctor(System.String,System.String)
DA:5,3
DA:6,3
DA:7,3
DA:8,3
DA:9,3
LF:7
LH:7
BRF:0
BRH:0
FNF:3
FNH:3
end_of_record
SF:/mnt/c/Users/frede/Documents/bachelor_project/The-Project-Backend/BackendService/APIv1/Endpoints/Users/PostUsersResponse.cs
FN:10,System.String API.v1.PostUsersResponse::get_response()
FNDA:4,System.String API.v1.PostUsersResponse::get_response()
DA:11,4
FN:11,System.String API.v1.PostUsersResponse::get_uid()
FNDA:3,System.String API.v1.PostUsersResponse::get_uid()
DA:12,3
FN:4,System.Void API.v1.PostUsersResponse::.ctor(System.String,System.String)
FNDA:2,System.Void API.v1.PostUsersResponse::.ctor(System.String,System.String)
DA:5,2
DA:6,2
DA:7,2
DA:8,2
DA:9,2
LF:7
LH:7
BRF:0
BRH:0
FNF:3
FNH:3
end_of_record
SF:/mnt/c/Users/frede/Documents/bachelor_project/The-Project-Backend/BackendService/APIv1/Endpoints/Users/Preferences/DeleteUserPreferences.cs
FN:6,System.Void API.v1.DeleteUserPreferences::Setup(Microsoft.AspNetCore.Builder.WebApplication)
FNDA:0,System.Void API.v1.DeleteUserPreferences::Setup(Microsoft.AspNetCore.Builder.WebApplication)
DA:7,0
DA:8,0
DA:9,0
DA:10,0
DA:11,0
DA:12,0
DA:13,0
FN:15,API.v1.DeleteUserPreferencesResponse API.v1.DeleteUserPreferences::Endpoint(System.String,System.String)
FNDA:5,API.v1.DeleteUserPreferencesResponse API.v1.DeleteUserPreferences::Endpoint(System.String,System.String)
DA:16,5
DA:17,5
DA:18,4
DA:19,4
DA:21,1
DA:22,1
DA:23,1
DA:24,1
BRDA:17,2,0,4
BRDA:17,15,0,3
BRDA:17,18,0,2
BRDA:17,2,1,3
BRDA:17,15,1,3
BRDA:17,18,1,3
BRDA:17,36,0,4
BRDA:17,36,1,1
LF:15
LH:8
BRF:8
BRH:8
FNF:2
FNH:1
end_of_record
SF:/mnt/c/Users/frede/Documents/bachelor_project/The-Project-Backend/BackendService/APIv1/Endpoints/Users/Preferences/DeleteUserPreferencesResponse.cs
FN:4,System.String API.v1.DeleteUserPreferencesResponse::get_response()
FNDA:3,System.String API.v1.DeleteUserPreferencesResponse::get_response()
DA:5,3
FN:6,System.Void API.v1.DeleteUserPreferencesResponse::.ctor(System.String)
FNDA:1,System.Void API.v1.DeleteUserPreferencesResponse::.ctor(System.String)
DA:7,1
DA:8,1
DA:9,1
DA:10,1
LF:5
LH:5
BRF:0
BRH:0
FNF:2
FNH:2
end_of_record
SF:/mnt/c/Users/frede/Documents/bachelor_project/The-Project-Backend/BackendService/APIv1/Endpoints/Users/Preferences/GetUserPreferences.cs
FN:5,System.Void API.v1.GetUserPreferences::Setup(Microsoft.AspNetCore.Builder.WebApplication)
FNDA:2,System.Void API.v1.GetUserPreferences::Setup(Microsoft.AspNetCore.Builder.WebApplication)
DA:6,2
DA:7,2
DA:8,0
DA:9,0
DA:10,0
DA:11,2
DA:12,2
FN:14,API.v1.GetUserPreferencesResponse API.v1.GetUserPreferences::Endpoint(System.String)
FNDA:7,API.v1.GetUserPreferencesResponse API.v1.GetUserPreferences::Endpoint(System.String)
DA:15,7
DA:16,7
DA:17,2
DA:18,2
DA:20,5
DA:21,4
DA:22,4
DA:23,4
BRDA:16,2,0,6
BRDA:16,2,1,1
BRDA:16,20,0,2
BRDA:16,20,1,5
LF:15
LH:12
BRF:4
BRH:4
FNF:2
FNH:2
end_of_record
SF:/mnt/c/Users/frede/Documents/bachelor_project/The-Project-Backend/BackendService/APIv1/Endpoints/Users/Preferences/GetUserPreferencesResponse.cs
FN:4,System.Collections.Generic.Dictionary`2<System.String,System.String> API.v1.GetUserPreferencesResponse::get_preferences()
FNDA:16,System.Collections.Generic.Dictionary`2<System.String,System.String> API.v1.GetUserPreferencesResponse::get_preferences()
DA:5,16
FN:5,System.String API.v1.GetUserPreferencesResponse::get_response()
FNDA:12,System.String API.v1.GetUserPreferencesResponse::get_response()
DA:6,12
FN:7,System.Void API.v1.GetUserPreferencesResponse::.ctor(System.String,System.Collections.Generic.Dictionary`2<System.String,System.String>)
FNDA:4,System.Void API.v1.GetUserPreferencesResponse::.ctor(System.String,System.Collections.Generic.Dictionary`2<System.String,System.String>)
DA:8,4
DA:9,4
DA:10,4
DA:11,4
DA:12,4
LF:7
LH:7
BRF:0
BRH:0
FNF:3
FNH:3
end_of_record
SF:/mnt/c/Users/frede/Documents/bachelor_project/The-Project-Backend/BackendService/APIv1/Endpoints/Users/Preferences/PostUserPreferences.cs
FN:5,System.Void API.v1.PostUserPreferences::Setup(Microsoft.AspNetCore.Builder.WebApplication)
FNDA:2,System.Void API.v1.PostUserPreferences::Setup(Microsoft.AspNetCore.Builder.WebApplication)
DA:6,2
DA:7,2
DA:8,0
DA:9,0
DA:10,0
DA:11,2
DA:12,2
FN:14,API.v1.PostUserPreferencesResponse API.v1.PostUserPreferences::Endpoint(API.v1.PostUserPreferencesBody,System.String)
FNDA:7,API.v1.PostUserPreferencesResponse API.v1.PostUserPreferences::Endpoint(API.v1.PostUserPreferencesBody,System.String)
DA:15,7
DA:16,7
DA:17,6
DA:18,6
DA:21,1
DA:22,1
DA:23,1
DA:24,1
BRDA:16,7,0,6
BRDA:16,15,0,5
BRDA:16,33,0,4
BRDA:16,51,0,3
BRDA:16,64,0,2
BRDA:16,7,1,5
BRDA:16,15,1,5
BRDA:16,33,1,5
BRDA:16,51,1,5
BRDA:16,64,1,5
BRDA:16,75,0,6
BRDA:16,75,1,1
LF:15
LH:12
BRF:12
BRH:12
FNF:2
FNH:2
end_of_record
SF:/mnt/c/Users/frede/Documents/bachelor_project/The-Project-Backend/BackendService/APIv1/Endpoints/Users/Preferences/PostUserPreferencesBody.cs
FN:4,System.String API.v1.PostUserPreferencesBody::get_setting()
FNDA:19,System.String API.v1.PostUserPreferencesBody::get_setting()
DA:5,19
FN:5,System.String API.v1.PostUserPreferencesBody::get_value()
FNDA:19,System.String API.v1.PostUserPreferencesBody::get_value()
DA:6,19
FN:7,System.Void API.v1.PostUserPreferencesBody::.ctor(System.String,System.String)
FNDA:7,System.Void API.v1.PostUserPreferencesBody::.ctor(System.String,System.String)
DA:8,7
DA:9,7
DA:10,7
DA:11,7
DA:12,7
LF:7
LH:7
BRF:0
BRH:0
FNF:3
FNH:3
end_of_record
SF:/mnt/c/Users/frede/Documents/bachelor_project/The-Project-Backend/BackendService/APIv1/Endpoints/Users/Preferences/PostUserPreferencesResponse.cs
FN:6,System.String API.v1.PostUserPreferencesResponse::get_response()
FNDA:3,System.String API.v1.PostUserPreferencesResponse::get_response()
DA:7,3
FN:7,System.Int32 API.v1.PostUserPreferencesResponse::get_id()
FNDA:3,System.Int32 API.v1.PostUserPreferencesResponse::get_id()
DA:8,3
FN:9,System.Void API.v1.PostUserPreferencesResponse::.ctor(System.String,System.Int32)
FNDA:1,System.Void API.v1.PostUserPreferencesResponse::.ctor(System.String,System.Int32)
DA:10,1
DA:11,1
DA:12,1
DA:13,1
DA:14,1
LF:7
LH:7
BRF:0
BRH:0
FNF:3
FNH:3
end_of_record
SF:/mnt/c/Users/frede/Documents/bachelor_project/The-Project-Backend/BackendService/APIv1/Endpoints/Users/PutEmailBody.cs
FN:10,System.String API.v1.PutEmailBody::get_oldEmail()
FNDA:8,System.String API.v1.PutEmailBody::get_oldEmail()
DA:11,8
FN:11,System.String API.v1.PutEmailBody::get_newEmail()
FNDA:10,System.String API.v1.PutEmailBody::get_newEmail()
DA:12,10
FN:4,System.Void API.v1.PutEmailBody::.ctor(System.String,System.String)
FNDA:4,System.Void API.v1.PutEmailBody::.ctor(System.String,System.String)
DA:5,4
DA:6,4
DA:7,4
DA:8,4
DA:9,4
LF:7
LH:7
BRF:0
BRH:0
FNF:3
FNH:3
end_of_record
SF:/mnt/c/Users/frede/Documents/bachelor_project/The-Project-Backend/BackendService/APIv1/Endpoints/Users/PutPasswordBody.cs
FN:10,System.String API.v1.PutPasswordBody::get_oldPassword()
FNDA:10,System.String API.v1.PutPasswordBody::get_oldPassword()
DA:11,10
FN:11,System.String API.v1.PutPasswordBody::get_newPassword()
FNDA:9,System.String API.v1.PutPasswordBody::get_newPassword()
DA:12,9
FN:12,System.String API.v1.PutPasswordBody::get_email()
FNDA:6,System.String API.v1.PutPasswordBody::get_email()
DA:13,6
FN:4,System.Void API.v1.PutPasswordBody::.ctor(System.String,System.String,System.String)
FNDA:4,System.Void API.v1.PutPasswordBody::.ctor(System.String,System.String,System.String)
DA:5,4
DA:6,4
DA:7,4
DA:8,4
DA:9,4
DA:10,4
LF:9
LH:9
BRF:0
BRH:0
FNF:4
FNH:4
end_of_record
SF:/mnt/c/Users/frede/Documents/bachelor_project/The-Project-Backend/BackendService/APIv1/Endpoints/Users/PutUserResponse.cs
FN:8,System.String API.v1.PutUserResponse::get_response()
FNDA:6,System.String API.v1.PutUserResponse::get_response()
DA:9,6
FN:4,System.Void API.v1.PutUserResponse::.ctor(System.String)
FNDA:2,System.Void API.v1.PutUserResponse::.ctor(System.String)
DA:5,2
DA:6,2
DA:7,2
DA:8,2
LF:5
LH:5
BRF:0
BRH:0
FNF:2
FNH:2
end_of_record
SF:/mnt/c/Users/frede/Documents/bachelor_project/The-Project-Backend/BackendService/APIv1/Endpoints/Users/PutUsers.cs
FN:6,System.Void API.v1.PutUsers::Setup(Microsoft.AspNetCore.Builder.WebApplication)
FNDA:2,System.Void API.v1.PutUsers::Setup(Microsoft.AspNetCore.Builder.WebApplication)
DA:7,2
DA:8,2
DA:9,0
DA:10,0
DA:11,0
DA:12,2
DA:14,2
DA:15,0
DA:16,0
DA:17,0
DA:18,2
DA:19,2
FN:21,API.v1.PutUserResponse API.v1.PutUsers::EndpointPass(System.String,API.v1.PutPasswordBody)
FNDA:4,API.v1.PutUserResponse API.v1.PutUsers::EndpointPass(System.String,API.v1.PutPasswordBody)
DA:22,4
DA:23,4
DA:24,2
DA:25,2
DA:27,2
DA:28,2
DA:29,1
DA:31,1
BRDA:23,7,0,3
BRDA:23,15,0,2
BRDA:23,7,1,2
BRDA:23,15,1,2
BRDA:23,31,0,2
BRDA:23,31,1,2
FN:33,API.v1.PutUserResponse API.v1.PutUsers::EndpointEmail(System.String,API.v1.PutEmailBody)
FNDA:4,API.v1.PutUserResponse API.v1.PutUsers::EndpointEmail(System.String,API.v1.PutEmailBody)
DA:34,4
DA:35,4
DA:36,2
DA:37,2
DA:39,2
DA:40,1
DA:41,1
DA:43,1
DA:44,1
DA:45,1
DA:46,1
BRDA:35,7,0,3
BRDA:35,7,1,1
BRDA:35,23,0,2
BRDA:35,23,1,2
BRDA:39,58,0,1
BRDA:39,58,1,1
LF:31
LH:25
BRF:12
BRH:12
FNF:3
FNH:3
end_of_record
SF:/mnt/c/Users/frede/Documents/bachelor_project/The-Project-Backend/BackendService/APIv1/Endpoints/ValueHistory/GetValueHistory.cs
FN:6,System.Void API.v1.GetValueHistory::Setup(Microsoft.AspNetCore.Builder.WebApplication)
FNDA:2,System.Void API.v1.GetValueHistory::Setup(Microsoft.AspNetCore.Builder.WebApplication)
DA:7,2
DA:8,2
DA:9,0
DA:10,0
DA:11,0
DA:12,2
DA:13,2
FN:15,System.Void API.v1.GetValueHistory/<EndpointAsync>d__1::MoveNext()
FNDA:40,System.Void API.v1.GetValueHistory/<EndpointAsync>d__1::MoveNext()
DA:16,40
DA:17,40
DA:18,39
DA:19,39
LF:11
LH:8
BRF:0
BRH:0
FNF:2
FNH:2
end_of_record
SF:/mnt/c/Users/frede/Documents/bachelor_project/The-Project-Backend/BackendService/APIv1/Endpoints/ValueHistory/GetValueHistoryResponse.cs
FN:4,Data.UserAssetsValueHistory API.v1.GetValueHistoryResponse::get_valueHistory()
FNDA:249,Data.UserAssetsValueHistory API.v1.GetValueHistoryResponse::get_valueHistory()
DA:5,249
FN:6,System.Void API.v1.GetValueHistoryResponse::.ctor(Data.UserAssetsValueHistory)
FNDA:39,System.Void API.v1.GetValueHistoryResponse::.ctor(Data.UserAssetsValueHistory)
DA:7,39
DA:8,39
DA:9,39
DA:10,39
LF:5
LH:5
BRF:0
BRH:0
FNF:2
FNH:2
end_of_record